2.3436 	WARNING 	We strongly recommend you activate the PTB sound engine in PsychoPy prefs as the preferred audio engine. Its timing is vastly superior. Your prefs are currently set to use ['sounddevice', 'PTB', 'pyo', 'pygame'] (in that order).
20.5437 	WARNING 	User requested fullscreen with size [1088  614], but screen is actually [1360, 768]. Using actual size
22.2274 	EXP 	Created window1 = Window(allowGUI=False, allowStencil=False, args=UNKNOWN, autoLog=True, bitsMode=UNKNOWN, blendMode='avg', bpc=(8, 8, 8), color=array([0., 0., 0.]), colorSpace='rgb', depthBits=8, fullscr=<method-wrapper '__getattribute__' of attributeSetter object at 0x000001A594740828>, gamma=None, gammaErrorPolicy='raise', kwargs=UNKNOWN, lms=UNKNOWN, monitor=<psychopy.monitors.calibTools.Monitor object at 0x000001A54EEF4240>, multiSample=False, name='window1', numSamples=2, pos=[0.0, 0.0], screen=0, size=array([1360,  768]), stencilBits=0, stereo=False, units='height', useFBO=True, useRetina=False, viewOri=0.0, viewPos=None, viewScale=None, waitBlanking=True, winType='pyglet')
22.2275 	EXP 	window1: recordFrameIntervals = False
22.3931 	EXP 	window1: recordFrameIntervals = True
22.5767 	EXP 	window1: recordFrameIntervals = False
23.2809 	EXP 	Created instr1 = TextStim(__class__=<class 'psychopy.visual.text.TextStim'>, alignHoriz=method-wrapper(...), alignText='center', alignVert=method-wrapper(...), anchorHoriz='center', anchorVert='center', antialias=True, autoLog=True, bold=False, color='white', colorSpace='named', contrast=1.0, depth=0.0, flipHoriz=False, flipVert=False, font='Arial', fontFiles=[], height=0.05, italic=False, languageStyle='LTR', name='instr1', opacity=1.0, ori=0, pos=array([0., 0.]), rgb=array([255., 255., 255.]), text=str(...), units='height', win=Window(...), wrapWidth=1)
23.2883 	EXP 	Created fix1 = TextStim(__class__=<class 'psychopy.visual.text.TextStim'>, alignHoriz=method-wrapper(...), alignText='center', alignVert=method-wrapper(...), anchorHoriz='center', anchorVert='center', antialias=True, autoLog=True, bold=False, color='white', colorSpace='named', contrast=1.0, depth=0.0, flipHoriz=False, flipVert=False, font='Arial', fontFiles=[], height=0.05, italic=False, languageStyle='LTR', name='fix1', opacity=1.0, ori=0, pos=array([0., 0.]), rgb=array([255., 255., 255.]), text='+', units='height', win=Window(...), wrapWidth=1)
23.2888 	EXP 	window1: mouseVisible = False
23.3071 	EXP 	Created trial1Target = Polygon(__class__=<class 'psychopy.visual.polygon.Polygon'>, autoDraw=False, autoLog=True, closeShape=True, color=method-wrapper(...), colorSpace=None, contrast=1.0, depth=-2.0, fillColor=array([1., 1., 1.]), fillColorSpace='rgb', fillRGB=array([1., 1., 1.]), interpolate=True, lineColor=array([1., 1., 1.]), lineColorSpace='rgb', lineRGB=array([1., 1., 1.]), lineWidth=1, name='trial1Target', opacity=1.0, ori=array(0.), pos=array([0., 0.]), size=array([0.025, 0.025]), units='height', vertices=ndarray(...), win=Window(...))
23.3209 	EXP 	Created trial1Home = Polygon(__class__=<class 'psychopy.visual.polygon.Polygon'>, autoDraw=False, autoLog=True, closeShape=True, color=method-wrapper(...), colorSpace=None, contrast=1.0, depth=-3.0, fillColor=array([1., 1., 1.]), fillColorSpace='rgb', fillRGB=array([1., 1., 1.]), interpolate=True, lineColor=array([1., 1., 1.]), lineColorSpace='rgb', lineRGB=array([1., 1., 1.]), lineWidth=1, name='trial1Home', opacity=1.0, ori=array(0.), pos=array([0., 0.]), size=array([0.025, 0.025]), units='height', vertices=ndarray(...), win=Window(...))
23.3348 	EXP 	Created trial1Cursor = Polygon(__class__=<class 'psychopy.visual.polygon.Polygon'>, autoDraw=False, autoLog=True, closeShape=True, color=method-wrapper(...), colorSpace=None, contrast=1.0, depth=-4.0, fillColor=array([-1., -1., -1.]), fillColorSpace='rgb', fillRGB=array([-1., -1., -1.]), interpolate=True, lineColor=array([-1., -1., -1.]), lineColorSpace='rgb', lineRGB=array([-1., -1., -1.]), lineWidth=1, name='trial1Cursor', opacity=1.0, ori=array(0.), pos=array([0., 0.]), size=array([0.025, 0.025]), units='height', vertices=ndarray(...), win=Window(...))
23.3426 	EXP 	Created trial1Num = TextStim(__class__=<class 'psychopy.visual.text.TextStim'>, alignHoriz=method-wrapper(...), alignText='center', alignVert=method-wrapper(...), anchorHoriz='center', anchorVert='center', antialias=True, autoLog=True, bold=False, color='white', colorSpace='named', contrast=1.0, depth=-6.0, flipHoriz=False, flipVert=False, font='Arial', fontFiles=[], height=0.05, italic=False, languageStyle='LTR', name='trial1Num', opacity=1.0, ori=0, pos=array([-0.4,  0.4]), rgb=array([255., 255., 255.]), text='45', units='height', win=Window(...), wrapWidth=1)
23.3620 	EXP 	Created instr2 = TextStim(__class__=<class 'psychopy.visual.text.TextStim'>, alignHoriz=method-wrapper(...), alignText='center', alignVert=method-wrapper(...), anchorHoriz='center', anchorVert='center', antialias=True, autoLog=True, bold=False, color='white', colorSpace='named', contrast=1.0, depth=0.0, flipHoriz=False, flipVert=False, font='Arial', fontFiles=[], height=0.05, italic=False, languageStyle='LTR', name='instr2', opacity=1.0, ori=0, pos=array([0., 0.]), rgb=array([255., 255., 255.]), text=str(...), units='height', win=Window(...), wrapWidth=1)
23.3654 	EXP 	Created fix2 = TextStim(__class__=<class 'psychopy.visual.text.TextStim'>, alignHoriz=method-wrapper(...), alignText='center', alignVert=method-wrapper(...), anchorHoriz='center', anchorVert='center', antialias=True, autoLog=True, bold=False, color='white', colorSpace='named', contrast=1.0, depth=0.0, flipHoriz=False, flipVert=False, font='Arial', fontFiles=[], height=0.05, italic=False, languageStyle='LTR', name='fix2', opacity=1.0, ori=0, pos=array([0., 0.]), rgb=array([255., 255., 255.]), text='+', units='height', win=Window(...), wrapWidth=1)
23.3659 	EXP 	window1: mouseVisible = False
23.3794 	EXP 	Created trial2Target = Polygon(__class__=<class 'psychopy.visual.polygon.Polygon'>, autoDraw=False, autoLog=True, closeShape=True, color=method-wrapper(...), colorSpace=None, contrast=1.0, depth=-2.0, fillColor=array([1., 1., 1.]), fillColorSpace='rgb', fillRGB=array([1., 1., 1.]), interpolate=True, lineColor=array([1., 1., 1.]), lineColorSpace='rgb', lineRGB=array([1., 1., 1.]), lineWidth=1, name='trial2Target', opacity=1.0, ori=array(0.), pos=array([0., 0.]), size=array([0.025, 0.025]), units='height', vertices=ndarray(...), win=Window(...))
23.3929 	EXP 	Created trial2Home = Polygon(__class__=<class 'psychopy.visual.polygon.Polygon'>, autoDraw=False, autoLog=True, closeShape=True, color=method-wrapper(...), colorSpace=None, contrast=1.0, depth=-3.0, fillColor=array([1., 1., 1.]), fillColorSpace='rgb', fillRGB=array([1., 1., 1.]), interpolate=True, lineColor=array([1., 1., 1.]), lineColorSpace='rgb', lineRGB=array([1., 1., 1.]), lineWidth=1, name='trial2Home', opacity=1.0, ori=array(0.), pos=array([0., 0.]), size=array([0.025, 0.025]), units='height', vertices=ndarray(...), win=Window(...))
23.4064 	EXP 	Created trial2Cursor = Polygon(__class__=<class 'psychopy.visual.polygon.Polygon'>, autoDraw=False, autoLog=True, closeShape=True, color=method-wrapper(...), colorSpace=None, contrast=1.0, depth=-4.0, fillColor=array([-1., -1., -1.]), fillColorSpace='rgb', fillRGB=array([-1., -1., -1.]), interpolate=True, lineColor=array([-1., -1., -1.]), lineColorSpace='rgb', lineRGB=array([-1., -1., -1.]), lineWidth=1, name='trial2Cursor', opacity=1.0, ori=array(0.), pos=array([0., 0.]), size=array([0.025, 0.025]), units='height', vertices=ndarray(...), win=Window(...))
23.4138 	EXP 	Created trial2Num = TextStim(__class__=<class 'psychopy.visual.text.TextStim'>, alignHoriz=method-wrapper(...), alignText='center', alignVert=method-wrapper(...), anchorHoriz='center', anchorVert='center', antialias=True, autoLog=True, bold=False, color='white', colorSpace='named', contrast=1.0, depth=-6.0, flipHoriz=False, flipVert=False, font='Arial', fontFiles=[], height=0.05, italic=False, languageStyle='LTR', name='trial2Num', opacity=1.0, ori=0, pos=array([-0.4,  0.4]), rgb=array([255., 255., 255.]), text='90', units='height', win=Window(...), wrapWidth=1)
23.4273 	EXP 	Created instr3 = TextStim(__class__=<class 'psychopy.visual.text.TextStim'>, alignHoriz=method-wrapper(...), alignText='center', alignVert=method-wrapper(...), anchorHoriz='center', anchorVert='center', antialias=True, autoLog=True, bold=False, color='white', colorSpace='named', contrast=1.0, depth=0.0, flipHoriz=False, flipVert=False, font='Arial', fontFiles=[], height=0.05, italic=False, languageStyle='LTR', name='instr3', opacity=1.0, ori=0, pos=array([0., 0.]), rgb=array([255., 255., 255.]), text=str(...), units='height', win=Window(...), wrapWidth=1)
23.4307 	EXP 	Created fix3 = TextStim(__class__=<class 'psychopy.visual.text.TextStim'>, alignHoriz=method-wrapper(...), alignText='center', alignVert=method-wrapper(...), anchorHoriz='center', anchorVert='center', antialias=True, autoLog=True, bold=False, color='white', colorSpace='named', contrast=1.0, depth=0.0, flipHoriz=False, flipVert=False, font='Arial', fontFiles=[], height=0.05, italic=False, languageStyle='LTR', name='fix3', opacity=1.0, ori=0, pos=array([0., 0.]), rgb=array([255., 255., 255.]), text='+', units='height', win=Window(...), wrapWidth=1)
23.4312 	EXP 	window1: mouseVisible = False
23.4450 	EXP 	Created trial3Target = Polygon(__class__=<class 'psychopy.visual.polygon.Polygon'>, autoDraw=False, autoLog=True, closeShape=True, color=method-wrapper(...), colorSpace=None, contrast=1.0, depth=-2.0, fillColor=array([1., 1., 1.]), fillColorSpace='rgb', fillRGB=array([1., 1., 1.]), interpolate=True, lineColor=array([1., 1., 1.]), lineColorSpace='rgb', lineRGB=array([1., 1., 1.]), lineWidth=1, name='trial3Target', opacity=1.0, ori=array(0.), pos=array([0., 0.]), size=array([0.025, 0.025]), units='height', vertices=ndarray(...), win=Window(...))
23.4585 	EXP 	Created trial3Home = Polygon(__class__=<class 'psychopy.visual.polygon.Polygon'>, autoDraw=False, autoLog=True, closeShape=True, color=method-wrapper(...), colorSpace=None, contrast=1.0, depth=-3.0, fillColor=array([1., 1., 1.]), fillColorSpace='rgb', fillRGB=array([1., 1., 1.]), interpolate=True, lineColor=array([1., 1., 1.]), lineColorSpace='rgb', lineRGB=array([1., 1., 1.]), lineWidth=1, name='trial3Home', opacity=1.0, ori=array(0.), pos=array([0., 0.]), size=array([0.025, 0.025]), units='height', vertices=ndarray(...), win=Window(...))
23.4719 	EXP 	Created trial3Cursor = Polygon(__class__=<class 'psychopy.visual.polygon.Polygon'>, autoDraw=False, autoLog=True, closeShape=True, color=method-wrapper(...), colorSpace=None, contrast=1.0, depth=-4.0, fillColor=array([-1., -1., -1.]), fillColorSpace='rgb', fillRGB=array([-1., -1., -1.]), interpolate=True, lineColor=array([-1., -1., -1.]), lineColorSpace='rgb', lineRGB=array([-1., -1., -1.]), lineWidth=1, name='trial3Cursor', opacity=1.0, ori=array(0.), pos=array([0., 0.]), size=array([0.025, 0.025]), units='height', vertices=ndarray(...), win=Window(...))
23.4779 	EXP 	Created trial3Num = TextStim(__class__=<class 'psychopy.visual.text.TextStim'>, alignHoriz=method-wrapper(...), alignText='center', alignVert=method-wrapper(...), anchorHoriz='center', anchorVert='center', antialias=True, autoLog=True, bold=False, color='white', colorSpace='named', contrast=1.0, depth=-6.0, flipHoriz=False, flipVert=False, font='Arial', fontFiles=[], height=0.05, italic=False, languageStyle='LTR', name='trial3Num', opacity=1.0, ori=0, pos=array([-0.4,  0.4]), rgb=array([255., 255., 255.]), text='15', units='height', win=Window(...), wrapWidth=1)
23.4864 	EXP 	Created thanks = TextStim(__class__=<class 'psychopy.visual.text.TextStim'>, alignHoriz=method-wrapper(...), alignText='center', alignVert=method-wrapper(...), anchorHoriz='center', anchorVert='center', antialias=True, autoLog=True, bold=False, color='white', colorSpace='named', contrast=1.0, depth=0.0, flipHoriz=False, flipVert=False, font='Arial', fontFiles=[], height=0.05, italic=False, languageStyle='LTR', name='thanks', opacity=1.0, ori=0, pos=array([0., 0.]), rgb=array([255., 255., 255.]), text=str(...), units='height', win=Window(...), wrapWidth=1)
23.5199 	EXP 	instr1: autoDraw = True
24.0001 	DATA 	Keypress: space
24.0092 	EXP 	instr1: autoDraw = False
24.0092 	EXP 	fix1: autoDraw = True
24.9955 	EXP 	Created sequence: sequential, trialTypes=1, nReps=15, seed=None
24.9960 	EXP 	New trial (rep=0, index=0): None
25.0097 	EXP 	fix1: autoDraw = False
25.0097 	EXP 	fix1: autoDraw = False
25.0097 	EXP 	trial1Num: text = '1'
25.0097 	EXP 	trial1Cursor: pos = (1.5, 1.5)
25.0097 	EXP 	trial1Target: autoDraw = True
25.0097 	EXP 	trial1Home: autoDraw = True
25.0097 	EXP 	trial1Cursor: autoDraw = True
25.0097 	EXP 	trial1Num: autoDraw = True
25.3653 	DATA 	Keypress: space
25.3866 	EXP 	New trial (rep=1, index=0): None
25.4009 	EXP 	trial1Target: autoDraw = False
25.4009 	EXP 	trial1Home: autoDraw = False
25.4009 	EXP 	trial1Cursor: autoDraw = False
25.4009 	EXP 	trial1Num: autoDraw = False
25.4009 	EXP 	trial1Num: text = '2'
25.4009 	EXP 	trial1Cursor: pos = (1.5, 1.5)
25.4009 	EXP 	trial1Target: autoDraw = True
25.4009 	EXP 	trial1Home: autoDraw = True
25.4009 	EXP 	trial1Cursor: autoDraw = True
25.4009 	EXP 	trial1Num: autoDraw = True
25.5927 	DATA 	Keypress: space
25.6017 	EXP 	New trial (rep=2, index=0): None
25.6166 	EXP 	trial1Target: autoDraw = False
25.6166 	EXP 	trial1Home: autoDraw = False
25.6166 	EXP 	trial1Cursor: autoDraw = False
25.6166 	EXP 	trial1Num: autoDraw = False
25.6166 	EXP 	trial1Num: text = '3'
25.6166 	EXP 	trial1Cursor: pos = (1.5, 1.5)
25.6166 	EXP 	trial1Target: autoDraw = True
25.6166 	EXP 	trial1Home: autoDraw = True
25.6166 	EXP 	trial1Cursor: autoDraw = True
25.6166 	EXP 	trial1Num: autoDraw = True
25.8147 	DATA 	Keypress: space
25.8343 	EXP 	New trial (rep=3, index=0): None
25.8456 	EXP 	trial1Target: autoDraw = False
25.8456 	EXP 	trial1Home: autoDraw = False
25.8456 	EXP 	trial1Cursor: autoDraw = False
25.8456 	EXP 	trial1Num: autoDraw = False
25.8456 	EXP 	trial1Num: text = '4'
25.8456 	EXP 	trial1Cursor: pos = (1.5, 1.5)
25.8456 	EXP 	trial1Target: autoDraw = True
25.8456 	EXP 	trial1Home: autoDraw = True
25.8456 	EXP 	trial1Cursor: autoDraw = True
25.8456 	EXP 	trial1Num: autoDraw = True
26.0593 	DATA 	Keypress: space
26.0689 	EXP 	New trial (rep=4, index=0): None
26.0810 	EXP 	trial1Target: autoDraw = False
26.0810 	EXP 	trial1Home: autoDraw = False
26.0810 	EXP 	trial1Cursor: autoDraw = False
26.0810 	EXP 	trial1Num: autoDraw = False
26.0810 	EXP 	trial1Num: text = '5'
26.0810 	EXP 	trial1Cursor: pos = (1.5, 1.5)
26.0810 	EXP 	trial1Target: autoDraw = True
26.0810 	EXP 	trial1Home: autoDraw = True
26.0810 	EXP 	trial1Cursor: autoDraw = True
26.0810 	EXP 	trial1Num: autoDraw = True
26.2926 	DATA 	Keypress: space
26.3033 	EXP 	New trial (rep=5, index=0): None
26.3174 	EXP 	trial1Target: autoDraw = False
26.3174 	EXP 	trial1Home: autoDraw = False
26.3174 	EXP 	trial1Cursor: autoDraw = False
26.3174 	EXP 	trial1Num: autoDraw = False
26.3174 	EXP 	trial1Num: text = '6'
26.3174 	EXP 	trial1Cursor: pos = (1.5, 1.5)
26.3174 	EXP 	trial1Target: autoDraw = True
26.3174 	EXP 	trial1Home: autoDraw = True
26.3174 	EXP 	trial1Cursor: autoDraw = True
26.3174 	EXP 	trial1Num: autoDraw = True
26.5092 	DATA 	Keypress: space
26.5178 	EXP 	New trial (rep=6, index=0): None
26.5324 	EXP 	trial1Target: autoDraw = False
26.5324 	EXP 	trial1Home: autoDraw = False
26.5324 	EXP 	trial1Cursor: autoDraw = False
26.5324 	EXP 	trial1Num: autoDraw = False
26.5324 	EXP 	trial1Num: text = '7'
26.5324 	EXP 	trial1Cursor: pos = (1.5, 1.5)
26.5324 	EXP 	trial1Target: autoDraw = True
26.5324 	EXP 	trial1Home: autoDraw = True
26.5324 	EXP 	trial1Cursor: autoDraw = True
26.5324 	EXP 	trial1Num: autoDraw = True
26.7758 	DATA 	Keypress: space
26.7873 	EXP 	New trial (rep=7, index=0): None
26.8026 	EXP 	trial1Target: autoDraw = False
26.8026 	EXP 	trial1Home: autoDraw = False
26.8026 	EXP 	trial1Cursor: autoDraw = False
26.8026 	EXP 	trial1Num: autoDraw = False
26.8026 	EXP 	trial1Num: text = '8'
26.8026 	EXP 	trial1Cursor: pos = (1.5, 1.5)
26.8026 	EXP 	trial1Target: autoDraw = True
26.8026 	EXP 	trial1Home: autoDraw = True
26.8026 	EXP 	trial1Cursor: autoDraw = True
26.8026 	EXP 	trial1Num: autoDraw = True
27.0091 	DATA 	Keypress: space
27.0185 	EXP 	New trial (rep=8, index=0): None
27.0310 	EXP 	trial1Target: autoDraw = False
27.0310 	EXP 	trial1Home: autoDraw = False
27.0310 	EXP 	trial1Cursor: autoDraw = False
27.0310 	EXP 	trial1Num: autoDraw = False
27.0310 	EXP 	trial1Num: text = '9'
27.0310 	EXP 	trial1Cursor: pos = (1.5, 1.5)
27.0310 	EXP 	trial1Target: autoDraw = True
27.0310 	EXP 	trial1Home: autoDraw = True
27.0310 	EXP 	trial1Cursor: autoDraw = True
27.0310 	EXP 	trial1Num: autoDraw = True
27.2139 	DATA 	Keypress: space
27.2339 	EXP 	New trial (rep=9, index=0): None
27.2453 	EXP 	trial1Target: autoDraw = False
27.2453 	EXP 	trial1Home: autoDraw = False
27.2453 	EXP 	trial1Cursor: autoDraw = False
27.2453 	EXP 	trial1Num: autoDraw = False
27.2453 	EXP 	trial1Num: text = '10'
27.2453 	EXP 	trial1Cursor: pos = (1.5, 1.5)
27.2453 	EXP 	trial1Target: autoDraw = True
27.2453 	EXP 	trial1Home: autoDraw = True
27.2453 	EXP 	trial1Cursor: autoDraw = True
27.2453 	EXP 	trial1Num: autoDraw = True
27.4589 	DATA 	Keypress: space
27.4679 	EXP 	New trial (rep=10, index=0): None
27.4802 	EXP 	trial1Target: autoDraw = False
27.4802 	EXP 	trial1Home: autoDraw = False
27.4802 	EXP 	trial1Cursor: autoDraw = False
27.4802 	EXP 	trial1Num: autoDraw = False
27.4802 	EXP 	trial1Num: text = '11'
27.4802 	EXP 	trial1Cursor: pos = (1.5, 1.5)
27.4802 	EXP 	trial1Target: autoDraw = True
27.4802 	EXP 	trial1Home: autoDraw = True
27.4802 	EXP 	trial1Cursor: autoDraw = True
27.4802 	EXP 	trial1Num: autoDraw = True
27.7088 	DATA 	Keypress: space
27.7178 	EXP 	New trial (rep=11, index=0): None
27.7293 	EXP 	trial1Target: autoDraw = False
27.7293 	EXP 	trial1Home: autoDraw = False
27.7293 	EXP 	trial1Cursor: autoDraw = False
27.7293 	EXP 	trial1Num: autoDraw = False
27.7293 	EXP 	trial1Num: text = '12'
27.7293 	EXP 	trial1Cursor: pos = (1.5, 1.5)
27.7293 	EXP 	trial1Target: autoDraw = True
27.7293 	EXP 	trial1Home: autoDraw = True
27.7293 	EXP 	trial1Cursor: autoDraw = True
27.7293 	EXP 	trial1Num: autoDraw = True
27.9255 	DATA 	Keypress: space
27.9348 	EXP 	New trial (rep=12, index=0): None
27.9464 	EXP 	trial1Target: autoDraw = False
27.9464 	EXP 	trial1Home: autoDraw = False
27.9464 	EXP 	trial1Cursor: autoDraw = False
27.9464 	EXP 	trial1Num: autoDraw = False
27.9464 	EXP 	trial1Num: text = '13'
27.9464 	EXP 	trial1Cursor: pos = (1.5, 1.5)
27.9464 	EXP 	trial1Target: autoDraw = True
27.9464 	EXP 	trial1Home: autoDraw = True
27.9464 	EXP 	trial1Cursor: autoDraw = True
27.9464 	EXP 	trial1Num: autoDraw = True
28.1588 	DATA 	Keypress: space
28.1681 	EXP 	New trial (rep=13, index=0): None
28.1806 	EXP 	trial1Target: autoDraw = False
28.1806 	EXP 	trial1Home: autoDraw = False
28.1806 	EXP 	trial1Cursor: autoDraw = False
28.1806 	EXP 	trial1Num: autoDraw = False
28.1806 	EXP 	trial1Num: text = '14'
28.1806 	EXP 	trial1Cursor: pos = (1.5, 1.5)
28.1806 	EXP 	trial1Target: autoDraw = True
28.1806 	EXP 	trial1Home: autoDraw = True
28.1806 	EXP 	trial1Cursor: autoDraw = True
28.1806 	EXP 	trial1Num: autoDraw = True
28.3921 	DATA 	Keypress: space
28.4012 	EXP 	New trial (rep=14, index=0): None
28.4136 	EXP 	trial1Target: autoDraw = False
28.4136 	EXP 	trial1Home: autoDraw = False
28.4136 	EXP 	trial1Cursor: autoDraw = False
28.4136 	EXP 	trial1Num: autoDraw = False
28.4136 	EXP 	trial1Num: text = '15'
28.4136 	EXP 	trial1Cursor: pos = (1.5, 1.5)
28.4136 	EXP 	trial1Target: autoDraw = True
28.4136 	EXP 	trial1Home: autoDraw = True
28.4136 	EXP 	trial1Cursor: autoDraw = True
28.4136 	EXP 	trial1Num: autoDraw = True
28.6538 	DATA 	Keypress: space
28.6588 	EXP 	trial1Target: autoDraw = False
28.6588 	EXP 	trial1Home: autoDraw = False
28.6588 	EXP 	trial1Cursor: autoDraw = False
28.6588 	EXP 	trial1Num: autoDraw = False
28.6588 	EXP 	instr2: autoDraw = True
28.8989 	DATA 	Keypress: space
28.9080 	EXP 	instr2: autoDraw = False
28.9080 	EXP 	fix2: autoDraw = True
29.1611 	DATA 	Keypress: space
29.7777 	DATA 	Keypress: space
29.8933 	EXP 	Created sequence: sequential, trialTypes=1, nReps=90, seed=None
29.8944 	EXP 	New trial (rep=0, index=0): None
29.9080 	EXP 	fix2: autoDraw = False
29.9080 	EXP 	fix2: autoDraw = False
29.9080 	EXP 	trial2Num: text = '1'
29.9080 	EXP 	trial2Cursor: pos = (1.5, 1.5)
29.9080 	EXP 	trial2Target: autoDraw = True
29.9080 	EXP 	trial2Home: autoDraw = True
29.9080 	EXP 	trial2Cursor: autoDraw = True
29.9080 	EXP 	trial2Num: autoDraw = True
30.0583 	DATA 	Keypress: space
30.0799 	EXP 	New trial (rep=1, index=0): None
30.0913 	EXP 	trial2Target: autoDraw = False
30.0913 	EXP 	trial2Home: autoDraw = False
30.0913 	EXP 	trial2Cursor: autoDraw = False
30.0913 	EXP 	trial2Num: autoDraw = False
30.0913 	EXP 	trial2Num: text = '2'
30.0913 	EXP 	trial2Cursor: pos = (1.5, 1.5)
30.0913 	EXP 	trial2Target: autoDraw = True
30.0913 	EXP 	trial2Home: autoDraw = True
30.0913 	EXP 	trial2Cursor: autoDraw = True
30.0913 	EXP 	trial2Num: autoDraw = True
30.2915 	EXP 	New trial (rep=2, index=0): None
30.2946 	DATA 	Keypress: space
30.3028 	EXP 	trial2Target: autoDraw = False
30.3028 	EXP 	trial2Home: autoDraw = False
30.3028 	EXP 	trial2Cursor: autoDraw = False
30.3028 	EXP 	trial2Num: autoDraw = False
30.3028 	EXP 	trial2Num: text = '3'
30.3028 	EXP 	trial2Cursor: pos = (1.5, 1.5)
30.3028 	EXP 	trial2Target: autoDraw = True
30.3028 	EXP 	trial2Home: autoDraw = True
30.3028 	EXP 	trial2Cursor: autoDraw = True
30.3028 	EXP 	trial2Num: autoDraw = True
30.4915 	DATA 	Keypress: space
30.5092 	EXP 	New trial (rep=3, index=0): None
30.5199 	EXP 	trial2Target: autoDraw = False
30.5199 	EXP 	trial2Home: autoDraw = False
30.5199 	EXP 	trial2Cursor: autoDraw = False
30.5199 	EXP 	trial2Num: autoDraw = False
30.5199 	EXP 	trial2Num: text = '4'
30.5199 	EXP 	trial2Cursor: pos = (1.5, 1.5)
30.5199 	EXP 	trial2Target: autoDraw = True
30.5199 	EXP 	trial2Home: autoDraw = True
30.5199 	EXP 	trial2Cursor: autoDraw = True
30.5199 	EXP 	trial2Num: autoDraw = True
30.7413 	DATA 	Keypress: space
30.7590 	EXP 	New trial (rep=4, index=0): None
30.7702 	EXP 	trial2Target: autoDraw = False
30.7702 	EXP 	trial2Home: autoDraw = False
30.7702 	EXP 	trial2Cursor: autoDraw = False
30.7702 	EXP 	trial2Num: autoDraw = False
30.7702 	EXP 	trial2Num: text = '5'
30.7702 	EXP 	trial2Cursor: pos = (1.5, 1.5)
30.7702 	EXP 	trial2Target: autoDraw = True
30.7702 	EXP 	trial2Home: autoDraw = True
30.7702 	EXP 	trial2Cursor: autoDraw = True
30.7702 	EXP 	trial2Num: autoDraw = True
31.0080 	DATA 	Keypress: space
31.0257 	EXP 	New trial (rep=5, index=0): None
31.0374 	EXP 	trial2Target: autoDraw = False
31.0374 	EXP 	trial2Home: autoDraw = False
31.0374 	EXP 	trial2Cursor: autoDraw = False
31.0374 	EXP 	trial2Num: autoDraw = False
31.0374 	EXP 	trial2Num: text = '6'
31.0374 	EXP 	trial2Cursor: pos = (1.5, 1.5)
31.0374 	EXP 	trial2Target: autoDraw = True
31.0374 	EXP 	trial2Home: autoDraw = True
31.0374 	EXP 	trial2Cursor: autoDraw = True
31.0374 	EXP 	trial2Num: autoDraw = True
31.2467 	DATA 	Keypress: space
31.2750 	EXP 	New trial (rep=6, index=0): None
31.2864 	EXP 	trial2Target: autoDraw = False
31.2864 	EXP 	trial2Home: autoDraw = False
31.2864 	EXP 	trial2Cursor: autoDraw = False
31.2864 	EXP 	trial2Num: autoDraw = False
31.2864 	EXP 	trial2Num: text = '7'
31.2864 	EXP 	trial2Cursor: pos = (1.5, 1.5)
31.2864 	EXP 	trial2Target: autoDraw = True
31.2864 	EXP 	trial2Home: autoDraw = True
31.2864 	EXP 	trial2Cursor: autoDraw = True
31.2864 	EXP 	trial2Num: autoDraw = True
31.4419 	DATA 	Keypress: space
31.4604 	EXP 	New trial (rep=7, index=0): None
31.4717 	EXP 	trial2Target: autoDraw = False
31.4717 	EXP 	trial2Home: autoDraw = False
31.4717 	EXP 	trial2Cursor: autoDraw = False
31.4717 	EXP 	trial2Num: autoDraw = False
31.4717 	EXP 	trial2Num: text = '8'
31.4717 	EXP 	trial2Cursor: pos = (1.5, 1.5)
31.4717 	EXP 	trial2Target: autoDraw = True
31.4717 	EXP 	trial2Home: autoDraw = True
31.4717 	EXP 	trial2Cursor: autoDraw = True
31.4717 	EXP 	trial2Num: autoDraw = True
31.6917 	EXP 	New trial (rep=8, index=0): None
31.6947 	DATA 	Keypress: space
31.7030 	EXP 	trial2Target: autoDraw = False
31.7030 	EXP 	trial2Home: autoDraw = False
31.7030 	EXP 	trial2Cursor: autoDraw = False
31.7030 	EXP 	trial2Num: autoDraw = False
31.7030 	EXP 	trial2Num: text = '9'
31.7030 	EXP 	trial2Cursor: pos = (1.5, 1.5)
31.7030 	EXP 	trial2Target: autoDraw = True
31.7030 	EXP 	trial2Home: autoDraw = True
31.7030 	EXP 	trial2Cursor: autoDraw = True
31.7030 	EXP 	trial2Num: autoDraw = True
31.9246 	DATA 	Keypress: space
31.9425 	EXP 	New trial (rep=9, index=0): None
31.9544 	EXP 	trial2Target: autoDraw = False
31.9544 	EXP 	trial2Home: autoDraw = False
31.9544 	EXP 	trial2Cursor: autoDraw = False
31.9544 	EXP 	trial2Num: autoDraw = False
31.9544 	EXP 	trial2Num: text = '10'
31.9544 	EXP 	trial2Cursor: pos = (1.5, 1.5)
31.9544 	EXP 	trial2Target: autoDraw = True
31.9544 	EXP 	trial2Home: autoDraw = True
31.9544 	EXP 	trial2Cursor: autoDraw = True
31.9544 	EXP 	trial2Num: autoDraw = True
32.1744 	DATA 	Keypress: space
32.1977 	EXP 	New trial (rep=10, index=0): None
32.2099 	EXP 	trial2Target: autoDraw = False
32.2099 	EXP 	trial2Home: autoDraw = False
32.2099 	EXP 	trial2Cursor: autoDraw = False
32.2099 	EXP 	trial2Num: autoDraw = False
32.2099 	EXP 	trial2Num: text = '11'
32.2099 	EXP 	trial2Cursor: pos = (1.5, 1.5)
32.2099 	EXP 	trial2Target: autoDraw = True
32.2099 	EXP 	trial2Home: autoDraw = True
32.2099 	EXP 	trial2Cursor: autoDraw = True
32.2099 	EXP 	trial2Num: autoDraw = True
32.4127 	DATA 	Keypress: space
32.4421 	EXP 	New trial (rep=11, index=0): None
32.4539 	EXP 	trial2Target: autoDraw = False
32.4539 	EXP 	trial2Home: autoDraw = False
32.4539 	EXP 	trial2Cursor: autoDraw = False
32.4539 	EXP 	trial2Num: autoDraw = False
32.4539 	EXP 	trial2Num: text = '12'
32.4539 	EXP 	trial2Cursor: pos = (1.5, 1.5)
32.4539 	EXP 	trial2Target: autoDraw = True
32.4539 	EXP 	trial2Home: autoDraw = True
32.4539 	EXP 	trial2Cursor: autoDraw = True
32.4539 	EXP 	trial2Num: autoDraw = True
32.6246 	DATA 	Keypress: space
32.6418 	EXP 	New trial (rep=12, index=0): None
32.6533 	EXP 	trial2Target: autoDraw = False
32.6533 	EXP 	trial2Home: autoDraw = False
32.6533 	EXP 	trial2Cursor: autoDraw = False
32.6533 	EXP 	trial2Num: autoDraw = False
32.6533 	EXP 	trial2Num: text = '13'
32.6533 	EXP 	trial2Cursor: pos = (1.5, 1.5)
32.6533 	EXP 	trial2Target: autoDraw = True
32.6533 	EXP 	trial2Home: autoDraw = True
32.6533 	EXP 	trial2Cursor: autoDraw = True
32.6533 	EXP 	trial2Num: autoDraw = True
32.8246 	DATA 	Keypress: space
32.8423 	EXP 	New trial (rep=13, index=0): None
32.8537 	EXP 	trial2Target: autoDraw = False
32.8537 	EXP 	trial2Home: autoDraw = False
32.8537 	EXP 	trial2Cursor: autoDraw = False
32.8537 	EXP 	trial2Num: autoDraw = False
32.8537 	EXP 	trial2Num: text = '14'
32.8537 	EXP 	trial2Cursor: pos = (1.5, 1.5)
32.8537 	EXP 	trial2Target: autoDraw = True
32.8537 	EXP 	trial2Home: autoDraw = True
32.8537 	EXP 	trial2Cursor: autoDraw = True
32.8537 	EXP 	trial2Num: autoDraw = True
33.0462 	DATA 	Keypress: space
33.0741 	EXP 	New trial (rep=14, index=0): None
33.0854 	EXP 	trial2Target: autoDraw = False
33.0854 	EXP 	trial2Home: autoDraw = False
33.0854 	EXP 	trial2Cursor: autoDraw = False
33.0854 	EXP 	trial2Num: autoDraw = False
33.0854 	EXP 	trial2Num: text = '15'
33.0854 	EXP 	trial2Cursor: pos = (1.5, 1.5)
33.0854 	EXP 	trial2Target: autoDraw = True
33.0854 	EXP 	trial2Home: autoDraw = True
33.0854 	EXP 	trial2Cursor: autoDraw = True
33.0854 	EXP 	trial2Num: autoDraw = True
33.2912 	DATA 	Keypress: space
33.3086 	EXP 	New trial (rep=15, index=0): None
33.3202 	EXP 	trial2Target: autoDraw = False
33.3202 	EXP 	trial2Home: autoDraw = False
33.3202 	EXP 	trial2Cursor: autoDraw = False
33.3202 	EXP 	trial2Num: autoDraw = False
33.3202 	EXP 	trial2Num: text = '16'
33.3202 	EXP 	trial2Cursor: pos = (1.5, 1.5)
33.3202 	EXP 	trial2Target: autoDraw = True
33.3202 	EXP 	trial2Home: autoDraw = True
33.3202 	EXP 	trial2Cursor: autoDraw = True
33.3202 	EXP 	trial2Num: autoDraw = True
33.5407 	DATA 	Keypress: space
33.5583 	EXP 	New trial (rep=16, index=0): None
33.5695 	EXP 	trial2Target: autoDraw = False
33.5695 	EXP 	trial2Home: autoDraw = False
33.5695 	EXP 	trial2Cursor: autoDraw = False
33.5695 	EXP 	trial2Num: autoDraw = False
33.5695 	EXP 	trial2Num: text = '17'
33.5695 	EXP 	trial2Cursor: pos = (1.5, 1.5)
33.5695 	EXP 	trial2Target: autoDraw = True
33.5695 	EXP 	trial2Home: autoDraw = True
33.5695 	EXP 	trial2Cursor: autoDraw = True
33.5695 	EXP 	trial2Num: autoDraw = True
33.7739 	DATA 	Keypress: space
33.7918 	EXP 	New trial (rep=17, index=0): None
33.8042 	EXP 	trial2Target: autoDraw = False
33.8042 	EXP 	trial2Home: autoDraw = False
33.8042 	EXP 	trial2Cursor: autoDraw = False
33.8042 	EXP 	trial2Num: autoDraw = False
33.8042 	EXP 	trial2Num: text = '18'
33.8042 	EXP 	trial2Cursor: pos = (1.5, 1.5)
33.8042 	EXP 	trial2Target: autoDraw = True
33.8042 	EXP 	trial2Home: autoDraw = True
33.8042 	EXP 	trial2Cursor: autoDraw = True
33.8042 	EXP 	trial2Num: autoDraw = True
34.0071 	DATA 	Keypress: space
34.0255 	EXP 	New trial (rep=18, index=0): None
34.0373 	EXP 	trial2Target: autoDraw = False
34.0373 	EXP 	trial2Home: autoDraw = False
34.0373 	EXP 	trial2Cursor: autoDraw = False
34.0373 	EXP 	trial2Num: autoDraw = False
34.0373 	EXP 	trial2Num: text = '19'
34.0373 	EXP 	trial2Cursor: pos = (1.5, 1.5)
34.0373 	EXP 	trial2Target: autoDraw = True
34.0373 	EXP 	trial2Home: autoDraw = True
34.0373 	EXP 	trial2Cursor: autoDraw = True
34.0373 	EXP 	trial2Num: autoDraw = True
34.2407 	DATA 	Keypress: space
34.2579 	EXP 	New trial (rep=19, index=0): None
34.2700 	EXP 	trial2Target: autoDraw = False
34.2700 	EXP 	trial2Home: autoDraw = False
34.2700 	EXP 	trial2Cursor: autoDraw = False
34.2700 	EXP 	trial2Num: autoDraw = False
34.2700 	EXP 	trial2Num: text = '20'
34.2700 	EXP 	trial2Cursor: pos = (1.5, 1.5)
34.2700 	EXP 	trial2Target: autoDraw = True
34.2700 	EXP 	trial2Home: autoDraw = True
34.2700 	EXP 	trial2Cursor: autoDraw = True
34.2700 	EXP 	trial2Num: autoDraw = True
34.4459 	DATA 	Keypress: space
34.4789 	EXP 	New trial (rep=20, index=0): None
34.4913 	EXP 	trial2Target: autoDraw = False
34.4913 	EXP 	trial2Home: autoDraw = False
34.4913 	EXP 	trial2Cursor: autoDraw = False
34.4913 	EXP 	trial2Num: autoDraw = False
34.4913 	EXP 	trial2Num: text = '21'
34.4913 	EXP 	trial2Cursor: pos = (1.5, 1.5)
34.4913 	EXP 	trial2Target: autoDraw = True
34.4913 	EXP 	trial2Home: autoDraw = True
34.4913 	EXP 	trial2Cursor: autoDraw = True
34.4913 	EXP 	trial2Num: autoDraw = True
34.6791 	DATA 	Keypress: space
34.7079 	EXP 	New trial (rep=21, index=0): None
34.7194 	EXP 	trial2Target: autoDraw = False
34.7194 	EXP 	trial2Home: autoDraw = False
34.7194 	EXP 	trial2Cursor: autoDraw = False
34.7194 	EXP 	trial2Num: autoDraw = False
34.7194 	EXP 	trial2Num: text = '22'
34.7194 	EXP 	trial2Cursor: pos = (1.5, 1.5)
34.7194 	EXP 	trial2Target: autoDraw = True
34.7194 	EXP 	trial2Home: autoDraw = True
34.7194 	EXP 	trial2Cursor: autoDraw = True
34.7194 	EXP 	trial2Num: autoDraw = True
34.9237 	DATA 	Keypress: space
34.9410 	EXP 	New trial (rep=22, index=0): None
34.9522 	EXP 	trial2Target: autoDraw = False
34.9522 	EXP 	trial2Home: autoDraw = False
34.9522 	EXP 	trial2Cursor: autoDraw = False
34.9522 	EXP 	trial2Num: autoDraw = False
34.9522 	EXP 	trial2Num: text = '23'
34.9522 	EXP 	trial2Cursor: pos = (1.5, 1.5)
34.9522 	EXP 	trial2Target: autoDraw = True
34.9522 	EXP 	trial2Home: autoDraw = True
34.9522 	EXP 	trial2Cursor: autoDraw = True
34.9522 	EXP 	trial2Num: autoDraw = True
35.1738 	DATA 	Keypress: space
35.1914 	EXP 	New trial (rep=23, index=0): None
35.2028 	EXP 	trial2Target: autoDraw = False
35.2028 	EXP 	trial2Home: autoDraw = False
35.2028 	EXP 	trial2Cursor: autoDraw = False
35.2028 	EXP 	trial2Num: autoDraw = False
35.2028 	EXP 	trial2Num: text = '24'
35.2028 	EXP 	trial2Cursor: pos = (1.5, 1.5)
35.2028 	EXP 	trial2Target: autoDraw = True
35.2028 	EXP 	trial2Home: autoDraw = True
35.2028 	EXP 	trial2Cursor: autoDraw = True
35.2028 	EXP 	trial2Num: autoDraw = True
35.4068 	DATA 	Keypress: space
35.4268 	EXP 	New trial (rep=24, index=0): None
35.4388 	EXP 	trial2Target: autoDraw = False
35.4388 	EXP 	trial2Home: autoDraw = False
35.4388 	EXP 	trial2Cursor: autoDraw = False
35.4388 	EXP 	trial2Num: autoDraw = False
35.4388 	EXP 	trial2Num: text = '25'
35.4388 	EXP 	trial2Cursor: pos = (1.5, 1.5)
35.4388 	EXP 	trial2Target: autoDraw = True
35.4388 	EXP 	trial2Home: autoDraw = True
35.4388 	EXP 	trial2Cursor: autoDraw = True
35.4388 	EXP 	trial2Num: autoDraw = True
35.6453 	DATA 	Keypress: space
35.6736 	EXP 	New trial (rep=25, index=0): None
35.6847 	EXP 	trial2Target: autoDraw = False
35.6847 	EXP 	trial2Home: autoDraw = False
35.6847 	EXP 	trial2Cursor: autoDraw = False
35.6847 	EXP 	trial2Num: autoDraw = False
35.6847 	EXP 	trial2Num: text = '26'
35.6847 	EXP 	trial2Cursor: pos = (1.5, 1.5)
35.6847 	EXP 	trial2Target: autoDraw = True
35.6847 	EXP 	trial2Home: autoDraw = True
35.6847 	EXP 	trial2Cursor: autoDraw = True
35.6847 	EXP 	trial2Num: autoDraw = True
35.8901 	DATA 	Keypress: space
35.9079 	EXP 	New trial (rep=26, index=0): None
35.9192 	EXP 	trial2Target: autoDraw = False
35.9192 	EXP 	trial2Home: autoDraw = False
35.9192 	EXP 	trial2Cursor: autoDraw = False
35.9192 	EXP 	trial2Num: autoDraw = False
35.9192 	EXP 	trial2Num: text = '27'
35.9192 	EXP 	trial2Cursor: pos = (1.5, 1.5)
35.9192 	EXP 	trial2Target: autoDraw = True
35.9192 	EXP 	trial2Home: autoDraw = True
35.9192 	EXP 	trial2Cursor: autoDraw = True
35.9192 	EXP 	trial2Num: autoDraw = True
36.3568 	DATA 	Keypress: space
36.3745 	EXP 	New trial (rep=27, index=0): None
36.3866 	EXP 	trial2Target: autoDraw = False
36.3866 	EXP 	trial2Home: autoDraw = False
36.3866 	EXP 	trial2Cursor: autoDraw = False
36.3866 	EXP 	trial2Num: autoDraw = False
36.3866 	EXP 	trial2Num: text = '28'
36.3866 	EXP 	trial2Cursor: pos = (1.5, 1.5)
36.3866 	EXP 	trial2Target: autoDraw = True
36.3866 	EXP 	trial2Home: autoDraw = True
36.3866 	EXP 	trial2Cursor: autoDraw = True
36.3866 	EXP 	trial2Num: autoDraw = True
36.5732 	DATA 	Keypress: space
36.5901 	EXP 	New trial (rep=28, index=0): None
36.6013 	EXP 	trial2Target: autoDraw = False
36.6013 	EXP 	trial2Home: autoDraw = False
36.6013 	EXP 	trial2Cursor: autoDraw = False
36.6013 	EXP 	trial2Num: autoDraw = False
36.6013 	EXP 	trial2Num: text = '29'
36.6013 	EXP 	trial2Cursor: pos = (1.5, 1.5)
36.6013 	EXP 	trial2Target: autoDraw = True
36.6013 	EXP 	trial2Home: autoDraw = True
36.6013 	EXP 	trial2Cursor: autoDraw = True
36.6013 	EXP 	trial2Num: autoDraw = True
36.7899 	DATA 	Keypress: space
36.8078 	EXP 	New trial (rep=29, index=0): None
36.8190 	EXP 	trial2Target: autoDraw = False
36.8190 	EXP 	trial2Home: autoDraw = False
36.8190 	EXP 	trial2Cursor: autoDraw = False
36.8190 	EXP 	trial2Num: autoDraw = False
36.8190 	EXP 	trial2Num: text = '30'
36.8190 	EXP 	trial2Cursor: pos = (1.5, 1.5)
36.8190 	EXP 	trial2Target: autoDraw = True
36.8190 	EXP 	trial2Home: autoDraw = True
36.8190 	EXP 	trial2Cursor: autoDraw = True
36.8190 	EXP 	trial2Num: autoDraw = True
37.0230 	DATA 	Keypress: space
37.0409 	EXP 	New trial (rep=30, index=0): None
37.0529 	EXP 	trial2Target: autoDraw = False
37.0529 	EXP 	trial2Home: autoDraw = False
37.0529 	EXP 	trial2Cursor: autoDraw = False
37.0529 	EXP 	trial2Num: autoDraw = False
37.0529 	EXP 	trial2Num: text = '31'
37.0529 	EXP 	trial2Cursor: pos = (1.5, 1.5)
37.0529 	EXP 	trial2Target: autoDraw = True
37.0529 	EXP 	trial2Home: autoDraw = True
37.0529 	EXP 	trial2Cursor: autoDraw = True
37.0529 	EXP 	trial2Num: autoDraw = True
37.2787 	DATA 	Keypress: space
37.3065 	EXP 	New trial (rep=31, index=0): None
37.3176 	EXP 	trial2Target: autoDraw = False
37.3176 	EXP 	trial2Home: autoDraw = False
37.3176 	EXP 	trial2Cursor: autoDraw = False
37.3176 	EXP 	trial2Num: autoDraw = False
37.3176 	EXP 	trial2Num: text = '32'
37.3176 	EXP 	trial2Cursor: pos = (1.5, 1.5)
37.3176 	EXP 	trial2Target: autoDraw = True
37.3176 	EXP 	trial2Home: autoDraw = True
37.3176 	EXP 	trial2Cursor: autoDraw = True
37.3176 	EXP 	trial2Num: autoDraw = True
37.5062 	DATA 	Keypress: space
37.5241 	EXP 	New trial (rep=32, index=0): None
37.5362 	EXP 	trial2Target: autoDraw = False
37.5362 	EXP 	trial2Home: autoDraw = False
37.5362 	EXP 	trial2Cursor: autoDraw = False
37.5362 	EXP 	trial2Num: autoDraw = False
37.5362 	EXP 	trial2Num: text = '33'
37.5362 	EXP 	trial2Cursor: pos = (1.5, 1.5)
37.5362 	EXP 	trial2Target: autoDraw = True
37.5362 	EXP 	trial2Home: autoDraw = True
37.5362 	EXP 	trial2Cursor: autoDraw = True
37.5362 	EXP 	trial2Num: autoDraw = True
37.7397 	EXP 	New trial (rep=33, index=0): None
37.7428 	DATA 	Keypress: space
37.7519 	EXP 	trial2Target: autoDraw = False
37.7519 	EXP 	trial2Home: autoDraw = False
37.7519 	EXP 	trial2Cursor: autoDraw = False
37.7519 	EXP 	trial2Num: autoDraw = False
37.7519 	EXP 	trial2Num: text = '34'
37.7519 	EXP 	trial2Cursor: pos = (1.5, 1.5)
37.7519 	EXP 	trial2Target: autoDraw = True
37.7519 	EXP 	trial2Home: autoDraw = True
37.7519 	EXP 	trial2Cursor: autoDraw = True
37.7519 	EXP 	trial2Num: autoDraw = True
37.9729 	DATA 	Keypress: space
37.9904 	EXP 	New trial (rep=34, index=0): None
38.0014 	EXP 	trial2Target: autoDraw = False
38.0014 	EXP 	trial2Home: autoDraw = False
38.0014 	EXP 	trial2Cursor: autoDraw = False
38.0014 	EXP 	trial2Num: autoDraw = False
38.0014 	EXP 	trial2Num: text = '35'
38.0014 	EXP 	trial2Cursor: pos = (1.5, 1.5)
38.0014 	EXP 	trial2Target: autoDraw = True
38.0014 	EXP 	trial2Home: autoDraw = True
38.0014 	EXP 	trial2Cursor: autoDraw = True
38.0014 	EXP 	trial2Num: autoDraw = True
38.2236 	DATA 	Keypress: space
38.2411 	EXP 	New trial (rep=35, index=0): None
38.2533 	EXP 	trial2Target: autoDraw = False
38.2533 	EXP 	trial2Home: autoDraw = False
38.2533 	EXP 	trial2Cursor: autoDraw = False
38.2533 	EXP 	trial2Num: autoDraw = False
38.2533 	EXP 	trial2Num: text = '36'
38.2533 	EXP 	trial2Cursor: pos = (1.5, 1.5)
38.2533 	EXP 	trial2Target: autoDraw = True
38.2533 	EXP 	trial2Home: autoDraw = True
38.2533 	EXP 	trial2Cursor: autoDraw = True
38.2533 	EXP 	trial2Num: autoDraw = True
38.4729 	DATA 	Keypress: space
38.4906 	EXP 	New trial (rep=36, index=0): None
38.5019 	EXP 	trial2Target: autoDraw = False
38.5019 	EXP 	trial2Home: autoDraw = False
38.5019 	EXP 	trial2Cursor: autoDraw = False
38.5019 	EXP 	trial2Num: autoDraw = False
38.5019 	EXP 	trial2Num: text = '37'
38.5019 	EXP 	trial2Cursor: pos = (1.5, 1.5)
38.5019 	EXP 	trial2Target: autoDraw = True
38.5019 	EXP 	trial2Home: autoDraw = True
38.5019 	EXP 	trial2Cursor: autoDraw = True
38.5019 	EXP 	trial2Num: autoDraw = True
38.7393 	DATA 	Keypress: space
38.7570 	EXP 	New trial (rep=37, index=0): None
38.7699 	EXP 	trial2Target: autoDraw = False
38.7699 	EXP 	trial2Home: autoDraw = False
38.7699 	EXP 	trial2Cursor: autoDraw = False
38.7699 	EXP 	trial2Num: autoDraw = False
38.7699 	EXP 	trial2Num: text = '38'
38.7699 	EXP 	trial2Cursor: pos = (1.5, 1.5)
38.7699 	EXP 	trial2Target: autoDraw = True
38.7699 	EXP 	trial2Home: autoDraw = True
38.7699 	EXP 	trial2Cursor: autoDraw = True
38.7699 	EXP 	trial2Num: autoDraw = True
38.9726 	DATA 	Keypress: space
38.9903 	EXP 	New trial (rep=38, index=0): None
39.0014 	EXP 	trial2Target: autoDraw = False
39.0014 	EXP 	trial2Home: autoDraw = False
39.0014 	EXP 	trial2Cursor: autoDraw = False
39.0014 	EXP 	trial2Num: autoDraw = False
39.0014 	EXP 	trial2Num: text = '39'
39.0014 	EXP 	trial2Cursor: pos = (1.5, 1.5)
39.0014 	EXP 	trial2Target: autoDraw = True
39.0014 	EXP 	trial2Home: autoDraw = True
39.0014 	EXP 	trial2Cursor: autoDraw = True
39.0014 	EXP 	trial2Num: autoDraw = True
39.2226 	DATA 	Keypress: space
39.2402 	EXP 	New trial (rep=39, index=0): None
39.2515 	EXP 	trial2Target: autoDraw = False
39.2515 	EXP 	trial2Home: autoDraw = False
39.2515 	EXP 	trial2Cursor: autoDraw = False
39.2515 	EXP 	trial2Num: autoDraw = False
39.2515 	EXP 	trial2Num: text = '40'
39.2515 	EXP 	trial2Cursor: pos = (1.5, 1.5)
39.2515 	EXP 	trial2Target: autoDraw = True
39.2515 	EXP 	trial2Home: autoDraw = True
39.2515 	EXP 	trial2Cursor: autoDraw = True
39.2515 	EXP 	trial2Num: autoDraw = True
39.4445 	DATA 	Keypress: space
39.4729 	EXP 	New trial (rep=40, index=0): None
39.4837 	EXP 	trial2Target: autoDraw = False
39.4837 	EXP 	trial2Home: autoDraw = False
39.4837 	EXP 	trial2Cursor: autoDraw = False
39.4837 	EXP 	trial2Num: autoDraw = False
39.4837 	EXP 	trial2Num: text = '41'
39.4837 	EXP 	trial2Cursor: pos = (1.5, 1.5)
39.4837 	EXP 	trial2Target: autoDraw = True
39.4837 	EXP 	trial2Home: autoDraw = True
39.4837 	EXP 	trial2Cursor: autoDraw = True
39.4837 	EXP 	trial2Num: autoDraw = True
39.7058 	DATA 	Keypress: space
39.7239 	EXP 	New trial (rep=41, index=0): None
39.7358 	EXP 	trial2Target: autoDraw = False
39.7358 	EXP 	trial2Home: autoDraw = False
39.7358 	EXP 	trial2Cursor: autoDraw = False
39.7358 	EXP 	trial2Num: autoDraw = False
39.7358 	EXP 	trial2Num: text = '42'
39.7358 	EXP 	trial2Cursor: pos = (1.5, 1.5)
39.7358 	EXP 	trial2Target: autoDraw = True
39.7358 	EXP 	trial2Home: autoDraw = True
39.7358 	EXP 	trial2Cursor: autoDraw = True
39.7358 	EXP 	trial2Num: autoDraw = True
39.9565 	EXP 	New trial (rep=42, index=0): None
39.9597 	DATA 	Keypress: space
39.9686 	EXP 	trial2Target: autoDraw = False
39.9686 	EXP 	trial2Home: autoDraw = False
39.9686 	EXP 	trial2Cursor: autoDraw = False
39.9686 	EXP 	trial2Num: autoDraw = False
39.9686 	EXP 	trial2Num: text = '43'
39.9686 	EXP 	trial2Cursor: pos = (1.5, 1.5)
39.9686 	EXP 	trial2Target: autoDraw = True
39.9686 	EXP 	trial2Home: autoDraw = True
39.9686 	EXP 	trial2Cursor: autoDraw = True
39.9686 	EXP 	trial2Num: autoDraw = True
40.2056 	DATA 	Keypress: space
40.2235 	EXP 	New trial (rep=43, index=0): None
40.2348 	EXP 	trial2Target: autoDraw = False
40.2348 	EXP 	trial2Home: autoDraw = False
40.2348 	EXP 	trial2Cursor: autoDraw = False
40.2348 	EXP 	trial2Num: autoDraw = False
40.2348 	EXP 	trial2Num: text = '44'
40.2348 	EXP 	trial2Cursor: pos = (1.5, 1.5)
40.2348 	EXP 	trial2Target: autoDraw = True
40.2348 	EXP 	trial2Home: autoDraw = True
40.2348 	EXP 	trial2Cursor: autoDraw = True
40.2348 	EXP 	trial2Num: autoDraw = True
40.4447 	DATA 	Keypress: space
40.4786 	EXP 	New trial (rep=44, index=0): None
40.4905 	EXP 	trial2Target: autoDraw = False
40.4905 	EXP 	trial2Home: autoDraw = False
40.4905 	EXP 	trial2Cursor: autoDraw = False
40.4905 	EXP 	trial2Num: autoDraw = False
40.4905 	EXP 	trial2Num: text = '45'
40.4905 	EXP 	trial2Cursor: pos = (1.5, 1.5)
40.4905 	EXP 	trial2Target: autoDraw = True
40.4905 	EXP 	trial2Home: autoDraw = True
40.4905 	EXP 	trial2Cursor: autoDraw = True
40.4905 	EXP 	trial2Num: autoDraw = True
40.6890 	DATA 	Keypress: space
40.7066 	EXP 	New trial (rep=45, index=0): None
40.7179 	EXP 	trial2Target: autoDraw = False
40.7179 	EXP 	trial2Home: autoDraw = False
40.7179 	EXP 	trial2Cursor: autoDraw = False
40.7179 	EXP 	trial2Num: autoDraw = False
40.7179 	EXP 	trial2Num: text = '46'
40.7179 	EXP 	trial2Cursor: pos = (1.5, 1.5)
40.7179 	EXP 	trial2Target: autoDraw = True
40.7179 	EXP 	trial2Home: autoDraw = True
40.7179 	EXP 	trial2Cursor: autoDraw = True
40.7179 	EXP 	trial2Num: autoDraw = True
40.9558 	DATA 	Keypress: space
40.9738 	EXP 	New trial (rep=46, index=0): None
40.9850 	EXP 	trial2Target: autoDraw = False
40.9850 	EXP 	trial2Home: autoDraw = False
40.9850 	EXP 	trial2Cursor: autoDraw = False
40.9850 	EXP 	trial2Num: autoDraw = False
40.9850 	EXP 	trial2Num: text = '47'
40.9850 	EXP 	trial2Cursor: pos = (1.5, 1.5)
40.9850 	EXP 	trial2Target: autoDraw = True
40.9850 	EXP 	trial2Home: autoDraw = True
40.9850 	EXP 	trial2Cursor: autoDraw = True
40.9850 	EXP 	trial2Num: autoDraw = True
41.1887 	DATA 	Keypress: space
41.2063 	EXP 	New trial (rep=47, index=0): None
41.2189 	EXP 	trial2Target: autoDraw = False
41.2189 	EXP 	trial2Home: autoDraw = False
41.2189 	EXP 	trial2Cursor: autoDraw = False
41.2189 	EXP 	trial2Num: autoDraw = False
41.2189 	EXP 	trial2Num: text = '48'
41.2189 	EXP 	trial2Cursor: pos = (1.5, 1.5)
41.2189 	EXP 	trial2Target: autoDraw = True
41.2189 	EXP 	trial2Home: autoDraw = True
41.2189 	EXP 	trial2Cursor: autoDraw = True
41.2189 	EXP 	trial2Num: autoDraw = True
41.4391 	DATA 	Keypress: space
41.4566 	EXP 	New trial (rep=48, index=0): None
41.4678 	EXP 	trial2Target: autoDraw = False
41.4678 	EXP 	trial2Home: autoDraw = False
41.4678 	EXP 	trial2Cursor: autoDraw = False
41.4678 	EXP 	trial2Num: autoDraw = False
41.4678 	EXP 	trial2Num: text = '49'
41.4678 	EXP 	trial2Cursor: pos = (1.5, 1.5)
41.4678 	EXP 	trial2Target: autoDraw = True
41.4678 	EXP 	trial2Home: autoDraw = True
41.4678 	EXP 	trial2Cursor: autoDraw = True
41.4678 	EXP 	trial2Num: autoDraw = True
41.7052 	DATA 	Keypress: space
41.7257 	EXP 	New trial (rep=49, index=0): None
41.7372 	EXP 	trial2Target: autoDraw = False
41.7372 	EXP 	trial2Home: autoDraw = False
41.7372 	EXP 	trial2Cursor: autoDraw = False
41.7372 	EXP 	trial2Num: autoDraw = False
41.7372 	EXP 	trial2Num: text = '50'
41.7372 	EXP 	trial2Cursor: pos = (1.5, 1.5)
41.7372 	EXP 	trial2Target: autoDraw = True
41.7372 	EXP 	trial2Home: autoDraw = True
41.7372 	EXP 	trial2Cursor: autoDraw = True
41.7372 	EXP 	trial2Num: autoDraw = True
41.9436 	DATA 	Keypress: space
41.9739 	EXP 	New trial (rep=50, index=0): None
41.9862 	EXP 	trial2Target: autoDraw = False
41.9862 	EXP 	trial2Home: autoDraw = False
41.9862 	EXP 	trial2Cursor: autoDraw = False
41.9862 	EXP 	trial2Num: autoDraw = False
41.9862 	EXP 	trial2Num: text = '51'
41.9862 	EXP 	trial2Cursor: pos = (1.5, 1.5)
41.9862 	EXP 	trial2Target: autoDraw = True
41.9862 	EXP 	trial2Home: autoDraw = True
41.9862 	EXP 	trial2Cursor: autoDraw = True
41.9862 	EXP 	trial2Num: autoDraw = True
42.1717 	DATA 	Keypress: space
42.1908 	EXP 	New trial (rep=51, index=0): None
42.2025 	EXP 	trial2Target: autoDraw = False
42.2025 	EXP 	trial2Home: autoDraw = False
42.2025 	EXP 	trial2Cursor: autoDraw = False
42.2025 	EXP 	trial2Num: autoDraw = False
42.2025 	EXP 	trial2Num: text = '52'
42.2025 	EXP 	trial2Cursor: pos = (1.5, 1.5)
42.2025 	EXP 	trial2Target: autoDraw = True
42.2025 	EXP 	trial2Home: autoDraw = True
42.2025 	EXP 	trial2Cursor: autoDraw = True
42.2025 	EXP 	trial2Num: autoDraw = True
42.3885 	DATA 	Keypress: space
42.4120 	EXP 	New trial (rep=52, index=0): None
42.4231 	EXP 	trial2Target: autoDraw = False
42.4231 	EXP 	trial2Home: autoDraw = False
42.4231 	EXP 	trial2Cursor: autoDraw = False
42.4231 	EXP 	trial2Num: autoDraw = False
42.4231 	EXP 	trial2Num: text = '53'
42.4231 	EXP 	trial2Cursor: pos = (1.5, 1.5)
42.4231 	EXP 	trial2Target: autoDraw = True
42.4231 	EXP 	trial2Home: autoDraw = True
42.4231 	EXP 	trial2Cursor: autoDraw = True
42.4231 	EXP 	trial2Num: autoDraw = True
42.6549 	DATA 	Keypress: space
42.6727 	EXP 	New trial (rep=53, index=0): None
42.6839 	EXP 	trial2Target: autoDraw = False
42.6839 	EXP 	trial2Home: autoDraw = False
42.6839 	EXP 	trial2Cursor: autoDraw = False
42.6839 	EXP 	trial2Num: autoDraw = False
42.6839 	EXP 	trial2Num: text = '54'
42.6839 	EXP 	trial2Cursor: pos = (1.5, 1.5)
42.6839 	EXP 	trial2Target: autoDraw = True
42.6839 	EXP 	trial2Home: autoDraw = True
42.6839 	EXP 	trial2Cursor: autoDraw = True
42.6839 	EXP 	trial2Num: autoDraw = True
42.9215 	DATA 	Keypress: space
42.9393 	EXP 	New trial (rep=54, index=0): None
42.9508 	EXP 	trial2Target: autoDraw = False
42.9508 	EXP 	trial2Home: autoDraw = False
42.9508 	EXP 	trial2Cursor: autoDraw = False
42.9508 	EXP 	trial2Num: autoDraw = False
42.9508 	EXP 	trial2Num: text = '55'
42.9508 	EXP 	trial2Cursor: pos = (1.5, 1.5)
42.9508 	EXP 	trial2Target: autoDraw = True
42.9508 	EXP 	trial2Home: autoDraw = True
42.9508 	EXP 	trial2Cursor: autoDraw = True
42.9508 	EXP 	trial2Num: autoDraw = True
43.1549 	DATA 	Keypress: space
43.1741 	EXP 	New trial (rep=55, index=0): None
43.1858 	EXP 	trial2Target: autoDraw = False
43.1858 	EXP 	trial2Home: autoDraw = False
43.1858 	EXP 	trial2Cursor: autoDraw = False
43.1858 	EXP 	trial2Num: autoDraw = False
43.1858 	EXP 	trial2Num: text = '56'
43.1858 	EXP 	trial2Cursor: pos = (1.5, 1.5)
43.1858 	EXP 	trial2Target: autoDraw = True
43.1858 	EXP 	trial2Home: autoDraw = True
43.1858 	EXP 	trial2Cursor: autoDraw = True
43.1858 	EXP 	trial2Num: autoDraw = True
43.3720 	DATA 	Keypress: space
43.3896 	EXP 	New trial (rep=56, index=0): None
43.4015 	EXP 	trial2Target: autoDraw = False
43.4015 	EXP 	trial2Home: autoDraw = False
43.4015 	EXP 	trial2Cursor: autoDraw = False
43.4015 	EXP 	trial2Num: autoDraw = False
43.4015 	EXP 	trial2Num: text = '57'
43.4015 	EXP 	trial2Cursor: pos = (1.5, 1.5)
43.4015 	EXP 	trial2Target: autoDraw = True
43.4015 	EXP 	trial2Home: autoDraw = True
43.4015 	EXP 	trial2Cursor: autoDraw = True
43.4015 	EXP 	trial2Num: autoDraw = True
43.6215 	DATA 	Keypress: space
43.6392 	EXP 	New trial (rep=57, index=0): None
43.6517 	EXP 	trial2Target: autoDraw = False
43.6517 	EXP 	trial2Home: autoDraw = False
43.6517 	EXP 	trial2Cursor: autoDraw = False
43.6517 	EXP 	trial2Num: autoDraw = False
43.6517 	EXP 	trial2Num: text = '58'
43.6517 	EXP 	trial2Cursor: pos = (1.5, 1.5)
43.6517 	EXP 	trial2Target: autoDraw = True
43.6517 	EXP 	trial2Home: autoDraw = True
43.6517 	EXP 	trial2Cursor: autoDraw = True
43.6517 	EXP 	trial2Num: autoDraw = True
43.8713 	DATA 	Keypress: space
43.8892 	EXP 	New trial (rep=58, index=0): None
43.9006 	EXP 	trial2Target: autoDraw = False
43.9006 	EXP 	trial2Home: autoDraw = False
43.9006 	EXP 	trial2Cursor: autoDraw = False
43.9006 	EXP 	trial2Num: autoDraw = False
43.9006 	EXP 	trial2Num: text = '59'
43.9006 	EXP 	trial2Cursor: pos = (1.5, 1.5)
43.9006 	EXP 	trial2Target: autoDraw = True
43.9006 	EXP 	trial2Home: autoDraw = True
43.9006 	EXP 	trial2Cursor: autoDraw = True
43.9006 	EXP 	trial2Num: autoDraw = True
44.1048 	DATA 	Keypress: space
44.1241 	EXP 	New trial (rep=59, index=0): None
44.1355 	EXP 	trial2Target: autoDraw = False
44.1355 	EXP 	trial2Home: autoDraw = False
44.1355 	EXP 	trial2Cursor: autoDraw = False
44.1355 	EXP 	trial2Num: autoDraw = False
44.1355 	EXP 	trial2Num: text = '60'
44.1355 	EXP 	trial2Cursor: pos = (1.5, 1.5)
44.1355 	EXP 	trial2Target: autoDraw = True
44.1355 	EXP 	trial2Home: autoDraw = True
44.1355 	EXP 	trial2Cursor: autoDraw = True
44.1355 	EXP 	trial2Num: autoDraw = True
44.3888 	EXP 	New trial (rep=60, index=0): None
44.3919 	DATA 	Keypress: space
44.4007 	EXP 	trial2Target: autoDraw = False
44.4007 	EXP 	trial2Home: autoDraw = False
44.4007 	EXP 	trial2Cursor: autoDraw = False
44.4007 	EXP 	trial2Num: autoDraw = False
44.4007 	EXP 	trial2Num: text = '61'
44.4007 	EXP 	trial2Cursor: pos = (1.5, 1.5)
44.4007 	EXP 	trial2Target: autoDraw = True
44.4007 	EXP 	trial2Home: autoDraw = True
44.4007 	EXP 	trial2Cursor: autoDraw = True
44.4007 	EXP 	trial2Num: autoDraw = True
44.6046 	DATA 	Keypress: space
44.6276 	EXP 	New trial (rep=61, index=0): None
44.6391 	EXP 	trial2Target: autoDraw = False
44.6391 	EXP 	trial2Home: autoDraw = False
44.6391 	EXP 	trial2Cursor: autoDraw = False
44.6391 	EXP 	trial2Num: autoDraw = False
44.6391 	EXP 	trial2Num: text = '62'
44.6391 	EXP 	trial2Cursor: pos = (1.5, 1.5)
44.6391 	EXP 	trial2Target: autoDraw = True
44.6391 	EXP 	trial2Home: autoDraw = True
44.6391 	EXP 	trial2Cursor: autoDraw = True
44.6391 	EXP 	trial2Num: autoDraw = True
44.8712 	DATA 	Keypress: space
44.8892 	EXP 	New trial (rep=62, index=0): None
44.9012 	EXP 	trial2Target: autoDraw = False
44.9012 	EXP 	trial2Home: autoDraw = False
44.9012 	EXP 	trial2Cursor: autoDraw = False
44.9012 	EXP 	trial2Num: autoDraw = False
44.9012 	EXP 	trial2Num: text = '63'
44.9012 	EXP 	trial2Cursor: pos = (1.5, 1.5)
44.9012 	EXP 	trial2Target: autoDraw = True
44.9012 	EXP 	trial2Home: autoDraw = True
44.9012 	EXP 	trial2Cursor: autoDraw = True
44.9012 	EXP 	trial2Num: autoDraw = True
45.1047 	DATA 	Keypress: space
45.1222 	EXP 	New trial (rep=63, index=0): None
45.1334 	EXP 	trial2Target: autoDraw = False
45.1334 	EXP 	trial2Home: autoDraw = False
45.1334 	EXP 	trial2Cursor: autoDraw = False
45.1334 	EXP 	trial2Num: autoDraw = False
45.1334 	EXP 	trial2Num: text = '64'
45.1334 	EXP 	trial2Cursor: pos = (1.5, 1.5)
45.1334 	EXP 	trial2Target: autoDraw = True
45.1334 	EXP 	trial2Home: autoDraw = True
45.1334 	EXP 	trial2Cursor: autoDraw = True
45.1334 	EXP 	trial2Num: autoDraw = True
45.3708 	DATA 	Keypress: space
45.3893 	EXP 	New trial (rep=64, index=0): None
45.4009 	EXP 	trial2Target: autoDraw = False
45.4009 	EXP 	trial2Home: autoDraw = False
45.4009 	EXP 	trial2Cursor: autoDraw = False
45.4009 	EXP 	trial2Num: autoDraw = False
45.4009 	EXP 	trial2Num: text = '65'
45.4009 	EXP 	trial2Cursor: pos = (1.5, 1.5)
45.4009 	EXP 	trial2Target: autoDraw = True
45.4009 	EXP 	trial2Home: autoDraw = True
45.4009 	EXP 	trial2Cursor: autoDraw = True
45.4009 	EXP 	trial2Num: autoDraw = True
45.6376 	DATA 	Keypress: space
45.6555 	EXP 	New trial (rep=65, index=0): None
45.6668 	EXP 	trial2Target: autoDraw = False
45.6668 	EXP 	trial2Home: autoDraw = False
45.6668 	EXP 	trial2Cursor: autoDraw = False
45.6668 	EXP 	trial2Num: autoDraw = False
45.6668 	EXP 	trial2Num: text = '66'
45.6668 	EXP 	trial2Cursor: pos = (1.5, 1.5)
45.6668 	EXP 	trial2Target: autoDraw = True
45.6668 	EXP 	trial2Home: autoDraw = True
45.6668 	EXP 	trial2Cursor: autoDraw = True
45.6668 	EXP 	trial2Num: autoDraw = True
45.8874 	DATA 	Keypress: space
45.9042 	EXP 	New trial (rep=66, index=0): None
45.9156 	EXP 	trial2Target: autoDraw = False
45.9156 	EXP 	trial2Home: autoDraw = False
45.9156 	EXP 	trial2Cursor: autoDraw = False
45.9156 	EXP 	trial2Num: autoDraw = False
45.9156 	EXP 	trial2Num: text = '67'
45.9156 	EXP 	trial2Cursor: pos = (1.5, 1.5)
45.9156 	EXP 	trial2Target: autoDraw = True
45.9156 	EXP 	trial2Home: autoDraw = True
45.9156 	EXP 	trial2Cursor: autoDraw = True
45.9156 	EXP 	trial2Num: autoDraw = True
46.1264 	DATA 	Keypress: space
46.1542 	EXP 	New trial (rep=67, index=0): None
46.1669 	EXP 	trial2Target: autoDraw = False
46.1669 	EXP 	trial2Home: autoDraw = False
46.1669 	EXP 	trial2Cursor: autoDraw = False
46.1669 	EXP 	trial2Num: autoDraw = False
46.1669 	EXP 	trial2Num: text = '68'
46.1669 	EXP 	trial2Cursor: pos = (1.5, 1.5)
46.1669 	EXP 	trial2Target: autoDraw = True
46.1669 	EXP 	trial2Home: autoDraw = True
46.1669 	EXP 	trial2Cursor: autoDraw = True
46.1669 	EXP 	trial2Num: autoDraw = True
46.4098 	EXP 	New trial (rep=68, index=0): None
46.4132 	DATA 	Keypress: space
46.4226 	EXP 	trial2Target: autoDraw = False
46.4226 	EXP 	trial2Home: autoDraw = False
46.4226 	EXP 	trial2Cursor: autoDraw = False
46.4226 	EXP 	trial2Num: autoDraw = False
46.4226 	EXP 	trial2Num: text = '69'
46.4226 	EXP 	trial2Cursor: pos = (1.5, 1.5)
46.4226 	EXP 	trial2Target: autoDraw = True
46.4226 	EXP 	trial2Home: autoDraw = True
46.4226 	EXP 	trial2Cursor: autoDraw = True
46.4226 	EXP 	trial2Num: autoDraw = True
46.6540 	DATA 	Keypress: space
46.6718 	EXP 	New trial (rep=69, index=0): None
46.6832 	EXP 	trial2Target: autoDraw = False
46.6832 	EXP 	trial2Home: autoDraw = False
46.6832 	EXP 	trial2Cursor: autoDraw = False
46.6832 	EXP 	trial2Num: autoDraw = False
46.6832 	EXP 	trial2Num: text = '70'
46.6832 	EXP 	trial2Cursor: pos = (1.5, 1.5)
46.6832 	EXP 	trial2Target: autoDraw = True
46.6832 	EXP 	trial2Home: autoDraw = True
46.6832 	EXP 	trial2Cursor: autoDraw = True
46.6832 	EXP 	trial2Num: autoDraw = True
46.9040 	DATA 	Keypress: space
46.9235 	EXP 	New trial (rep=70, index=0): None
46.9349 	EXP 	trial2Target: autoDraw = False
46.9349 	EXP 	trial2Home: autoDraw = False
46.9349 	EXP 	trial2Cursor: autoDraw = False
46.9349 	EXP 	trial2Num: autoDraw = False
46.9349 	EXP 	trial2Num: text = '71'
46.9349 	EXP 	trial2Cursor: pos = (1.5, 1.5)
46.9349 	EXP 	trial2Target: autoDraw = True
46.9349 	EXP 	trial2Home: autoDraw = True
46.9349 	EXP 	trial2Cursor: autoDraw = True
46.9349 	EXP 	trial2Num: autoDraw = True
47.1542 	DATA 	Keypress: space
47.1763 	EXP 	New trial (rep=71, index=0): None
47.1883 	EXP 	trial2Target: autoDraw = False
47.1883 	EXP 	trial2Home: autoDraw = False
47.1883 	EXP 	trial2Cursor: autoDraw = False
47.1883 	EXP 	trial2Num: autoDraw = False
47.1883 	EXP 	trial2Num: text = '72'
47.1883 	EXP 	trial2Cursor: pos = (1.5, 1.5)
47.1883 	EXP 	trial2Target: autoDraw = True
47.1883 	EXP 	trial2Home: autoDraw = True
47.1883 	EXP 	trial2Cursor: autoDraw = True
47.1883 	EXP 	trial2Num: autoDraw = True
47.4371 	DATA 	Keypress: space
47.4551 	EXP 	New trial (rep=72, index=0): None
47.4671 	EXP 	trial2Target: autoDraw = False
47.4671 	EXP 	trial2Home: autoDraw = False
47.4671 	EXP 	trial2Cursor: autoDraw = False
47.4671 	EXP 	trial2Num: autoDraw = False
47.4671 	EXP 	trial2Num: text = '73'
47.4671 	EXP 	trial2Cursor: pos = (1.5, 1.5)
47.4671 	EXP 	trial2Target: autoDraw = True
47.4671 	EXP 	trial2Home: autoDraw = True
47.4671 	EXP 	trial2Cursor: autoDraw = True
47.4671 	EXP 	trial2Num: autoDraw = True
47.6706 	DATA 	Keypress: space
47.6883 	EXP 	New trial (rep=73, index=0): None
47.6997 	EXP 	trial2Target: autoDraw = False
47.6997 	EXP 	trial2Home: autoDraw = False
47.6997 	EXP 	trial2Cursor: autoDraw = False
47.6997 	EXP 	trial2Num: autoDraw = False
47.6997 	EXP 	trial2Num: text = '74'
47.6997 	EXP 	trial2Cursor: pos = (1.5, 1.5)
47.6997 	EXP 	trial2Target: autoDraw = True
47.6997 	EXP 	trial2Home: autoDraw = True
47.6997 	EXP 	trial2Cursor: autoDraw = True
47.6997 	EXP 	trial2Num: autoDraw = True
47.9265 	DATA 	Keypress: space
47.9581 	EXP 	New trial (rep=74, index=0): None
47.9700 	EXP 	trial2Target: autoDraw = False
47.9700 	EXP 	trial2Home: autoDraw = False
47.9700 	EXP 	trial2Cursor: autoDraw = False
47.9700 	EXP 	trial2Num: autoDraw = False
47.9700 	EXP 	trial2Num: text = '75'
47.9700 	EXP 	trial2Cursor: pos = (1.5, 1.5)
47.9700 	EXP 	trial2Target: autoDraw = True
47.9700 	EXP 	trial2Home: autoDraw = True
47.9700 	EXP 	trial2Cursor: autoDraw = True
47.9700 	EXP 	trial2Num: autoDraw = True
48.1869 	DATA 	Keypress: space
48.2048 	EXP 	New trial (rep=75, index=0): None
48.2166 	EXP 	trial2Target: autoDraw = False
48.2166 	EXP 	trial2Home: autoDraw = False
48.2166 	EXP 	trial2Cursor: autoDraw = False
48.2166 	EXP 	trial2Num: autoDraw = False
48.2166 	EXP 	trial2Num: text = '76'
48.2166 	EXP 	trial2Cursor: pos = (1.5, 1.5)
48.2166 	EXP 	trial2Target: autoDraw = True
48.2166 	EXP 	trial2Home: autoDraw = True
48.2166 	EXP 	trial2Cursor: autoDraw = True
48.2166 	EXP 	trial2Num: autoDraw = True
48.4534 	DATA 	Keypress: space
48.4717 	EXP 	New trial (rep=76, index=0): None
48.4834 	EXP 	trial2Target: autoDraw = False
48.4834 	EXP 	trial2Home: autoDraw = False
48.4834 	EXP 	trial2Cursor: autoDraw = False
48.4834 	EXP 	trial2Num: autoDraw = False
48.4834 	EXP 	trial2Num: text = '77'
48.4834 	EXP 	trial2Cursor: pos = (1.5, 1.5)
48.4834 	EXP 	trial2Target: autoDraw = True
48.4834 	EXP 	trial2Home: autoDraw = True
48.4834 	EXP 	trial2Cursor: autoDraw = True
48.4834 	EXP 	trial2Num: autoDraw = True
48.7034 	DATA 	Keypress: space
48.7211 	EXP 	New trial (rep=77, index=0): None
48.7334 	EXP 	trial2Target: autoDraw = False
48.7334 	EXP 	trial2Home: autoDraw = False
48.7334 	EXP 	trial2Cursor: autoDraw = False
48.7334 	EXP 	trial2Num: autoDraw = False
48.7334 	EXP 	trial2Num: text = '78'
48.7334 	EXP 	trial2Cursor: pos = (1.5, 1.5)
48.7334 	EXP 	trial2Target: autoDraw = True
48.7334 	EXP 	trial2Home: autoDraw = True
48.7334 	EXP 	trial2Cursor: autoDraw = True
48.7334 	EXP 	trial2Num: autoDraw = True
48.9258 	DATA 	Keypress: space
48.9544 	EXP 	New trial (rep=78, index=0): None
48.9654 	EXP 	trial2Target: autoDraw = False
48.9654 	EXP 	trial2Home: autoDraw = False
48.9654 	EXP 	trial2Cursor: autoDraw = False
48.9654 	EXP 	trial2Num: autoDraw = False
48.9654 	EXP 	trial2Num: text = '79'
48.9654 	EXP 	trial2Cursor: pos = (1.5, 1.5)
48.9654 	EXP 	trial2Target: autoDraw = True
48.9654 	EXP 	trial2Home: autoDraw = True
48.9654 	EXP 	trial2Cursor: autoDraw = True
48.9654 	EXP 	trial2Num: autoDraw = True
49.1699 	DATA 	Keypress: space
49.1867 	EXP 	New trial (rep=79, index=0): None
49.1996 	EXP 	trial2Target: autoDraw = False
49.1996 	EXP 	trial2Home: autoDraw = False
49.1996 	EXP 	trial2Cursor: autoDraw = False
49.1996 	EXP 	trial2Num: autoDraw = False
49.1996 	EXP 	trial2Num: text = '80'
49.1996 	EXP 	trial2Cursor: pos = (1.5, 1.5)
49.1996 	EXP 	trial2Target: autoDraw = True
49.1996 	EXP 	trial2Home: autoDraw = True
49.1996 	EXP 	trial2Cursor: autoDraw = True
49.1996 	EXP 	trial2Num: autoDraw = True
49.4202 	DATA 	Keypress: space
49.4377 	EXP 	New trial (rep=80, index=0): None
49.4507 	EXP 	trial2Target: autoDraw = False
49.4507 	EXP 	trial2Home: autoDraw = False
49.4507 	EXP 	trial2Cursor: autoDraw = False
49.4507 	EXP 	trial2Num: autoDraw = False
49.4507 	EXP 	trial2Num: text = '81'
49.4507 	EXP 	trial2Cursor: pos = (1.5, 1.5)
49.4507 	EXP 	trial2Target: autoDraw = True
49.4507 	EXP 	trial2Home: autoDraw = True
49.4507 	EXP 	trial2Cursor: autoDraw = True
49.4507 	EXP 	trial2Num: autoDraw = True
49.6533 	DATA 	Keypress: space
49.6707 	EXP 	New trial (rep=81, index=0): None
49.6833 	EXP 	trial2Target: autoDraw = False
49.6833 	EXP 	trial2Home: autoDraw = False
49.6833 	EXP 	trial2Cursor: autoDraw = False
49.6833 	EXP 	trial2Num: autoDraw = False
49.6833 	EXP 	trial2Num: text = '82'
49.6833 	EXP 	trial2Cursor: pos = (1.5, 1.5)
49.6833 	EXP 	trial2Target: autoDraw = True
49.6833 	EXP 	trial2Home: autoDraw = True
49.6833 	EXP 	trial2Cursor: autoDraw = True
49.6833 	EXP 	trial2Num: autoDraw = True
49.9198 	DATA 	Keypress: space
49.9377 	EXP 	New trial (rep=82, index=0): None
49.9495 	EXP 	trial2Target: autoDraw = False
49.9495 	EXP 	trial2Home: autoDraw = False
49.9495 	EXP 	trial2Cursor: autoDraw = False
49.9495 	EXP 	trial2Num: autoDraw = False
49.9495 	EXP 	trial2Num: text = '83'
49.9495 	EXP 	trial2Cursor: pos = (1.5, 1.5)
49.9495 	EXP 	trial2Target: autoDraw = True
49.9495 	EXP 	trial2Home: autoDraw = True
49.9495 	EXP 	trial2Cursor: autoDraw = True
49.9495 	EXP 	trial2Num: autoDraw = True
50.2036 	EXP 	New trial (rep=83, index=0): None
50.2077 	DATA 	Keypress: space
50.2164 	EXP 	trial2Target: autoDraw = False
50.2164 	EXP 	trial2Home: autoDraw = False
50.2164 	EXP 	trial2Cursor: autoDraw = False
50.2164 	EXP 	trial2Num: autoDraw = False
50.2164 	EXP 	trial2Num: text = '84'
50.2164 	EXP 	trial2Cursor: pos = (1.5, 1.5)
50.2164 	EXP 	trial2Target: autoDraw = True
50.2164 	EXP 	trial2Home: autoDraw = True
50.2164 	EXP 	trial2Cursor: autoDraw = True
50.2164 	EXP 	trial2Num: autoDraw = True
50.4531 	DATA 	Keypress: space
50.4707 	EXP 	New trial (rep=84, index=0): None
50.4833 	EXP 	trial2Target: autoDraw = False
50.4833 	EXP 	trial2Home: autoDraw = False
50.4833 	EXP 	trial2Cursor: autoDraw = False
50.4833 	EXP 	trial2Num: autoDraw = False
50.4833 	EXP 	trial2Num: text = '85'
50.4833 	EXP 	trial2Cursor: pos = (1.5, 1.5)
50.4833 	EXP 	trial2Target: autoDraw = True
50.4833 	EXP 	trial2Home: autoDraw = True
50.4833 	EXP 	trial2Cursor: autoDraw = True
50.4833 	EXP 	trial2Num: autoDraw = True
50.7259 	DATA 	Keypress: space
50.7528 	EXP 	New trial (rep=85, index=0): None
50.7657 	EXP 	trial2Target: autoDraw = False
50.7657 	EXP 	trial2Home: autoDraw = False
50.7657 	EXP 	trial2Cursor: autoDraw = False
50.7657 	EXP 	trial2Num: autoDraw = False
50.7657 	EXP 	trial2Num: text = '86'
50.7657 	EXP 	trial2Cursor: pos = (1.5, 1.5)
50.7657 	EXP 	trial2Target: autoDraw = True
50.7657 	EXP 	trial2Home: autoDraw = True
50.7657 	EXP 	trial2Cursor: autoDraw = True
50.7657 	EXP 	trial2Num: autoDraw = True
51.0370 	EXP 	New trial (rep=86, index=0): None
51.0412 	DATA 	Keypress: space
51.0503 	EXP 	trial2Target: autoDraw = False
51.0503 	EXP 	trial2Home: autoDraw = False
51.0503 	EXP 	trial2Cursor: autoDraw = False
51.0503 	EXP 	trial2Num: autoDraw = False
51.0503 	EXP 	trial2Num: text = '87'
51.0503 	EXP 	trial2Cursor: pos = (1.5, 1.5)
51.0503 	EXP 	trial2Target: autoDraw = True
51.0503 	EXP 	trial2Home: autoDraw = True
51.0503 	EXP 	trial2Cursor: autoDraw = True
51.0503 	EXP 	trial2Num: autoDraw = True
51.2862 	DATA 	Keypress: space
51.3036 	EXP 	New trial (rep=87, index=0): None
51.3146 	EXP 	trial2Target: autoDraw = False
51.3146 	EXP 	trial2Home: autoDraw = False
51.3146 	EXP 	trial2Cursor: autoDraw = False
51.3146 	EXP 	trial2Num: autoDraw = False
51.3146 	EXP 	trial2Num: text = '88'
51.3146 	EXP 	trial2Cursor: pos = (1.5, 1.5)
51.3146 	EXP 	trial2Target: autoDraw = True
51.3146 	EXP 	trial2Home: autoDraw = True
51.3146 	EXP 	trial2Cursor: autoDraw = True
51.3146 	EXP 	trial2Num: autoDraw = True
51.5528 	DATA 	Keypress: space
51.5732 	EXP 	New trial (rep=88, index=0): None
51.5877 	EXP 	trial2Target: autoDraw = False
51.5877 	EXP 	trial2Home: autoDraw = False
51.5877 	EXP 	trial2Cursor: autoDraw = False
51.5877 	EXP 	trial2Num: autoDraw = False
51.5877 	EXP 	trial2Num: text = '89'
51.5877 	EXP 	trial2Cursor: pos = (1.5, 1.5)
51.5877 	EXP 	trial2Target: autoDraw = True
51.5877 	EXP 	trial2Home: autoDraw = True
51.5877 	EXP 	trial2Cursor: autoDraw = True
51.5877 	EXP 	trial2Num: autoDraw = True
51.8361 	EXP 	New trial (rep=89, index=0): None
51.8392 	DATA 	Keypress: space
51.8482 	EXP 	trial2Target: autoDraw = False
51.8482 	EXP 	trial2Home: autoDraw = False
51.8482 	EXP 	trial2Cursor: autoDraw = False
51.8482 	EXP 	trial2Num: autoDraw = False
51.8482 	EXP 	trial2Num: text = '90'
51.8482 	EXP 	trial2Cursor: pos = (1.5, 1.5)
51.8482 	EXP 	trial2Target: autoDraw = True
51.8482 	EXP 	trial2Home: autoDraw = True
51.8482 	EXP 	trial2Cursor: autoDraw = True
51.8482 	EXP 	trial2Num: autoDraw = True
52.7024 	DATA 	Keypress: space
52.7261 	EXP 	trial2Target: autoDraw = False
52.7261 	EXP 	trial2Home: autoDraw = False
52.7261 	EXP 	trial2Cursor: autoDraw = False
52.7261 	EXP 	trial2Num: autoDraw = False
52.7261 	EXP 	instr3: autoDraw = True
55.3589 	DATA 	Keypress: space
55.3677 	EXP 	instr3: autoDraw = False
55.3677 	EXP 	fix3: autoDraw = True
56.3529 	EXP 	Created sequence: sequential, trialTypes=1, nReps=15, seed=None
56.3535 	EXP 	New trial (rep=0, index=0): None
56.3674 	EXP 	fix3: autoDraw = False
56.3674 	EXP 	fix3: autoDraw = False
56.3674 	EXP 	trial3Num: text = '1'
56.3674 	EXP 	trial3Cursor: pos = (1.5, 1.5)
56.3674 	EXP 	trial3Target: autoDraw = True
56.3674 	EXP 	trial3Home: autoDraw = True
56.3674 	EXP 	trial3Cursor: autoDraw = True
56.3674 	EXP 	trial3Num: autoDraw = True
58.0511 	DATA 	Keypress: space
58.0651 	EXP 	New trial (rep=1, index=0): None
58.0760 	EXP 	trial3Target: autoDraw = False
58.0760 	EXP 	trial3Home: autoDraw = False
58.0760 	EXP 	trial3Cursor: autoDraw = False
58.0760 	EXP 	trial3Num: autoDraw = False
58.0760 	EXP 	trial3Num: text = '2'
58.0760 	EXP 	trial3Cursor: pos = (1.5, 1.5)
58.0760 	EXP 	trial3Target: autoDraw = True
58.0760 	EXP 	trial3Home: autoDraw = True
58.0760 	EXP 	trial3Cursor: autoDraw = True
58.0760 	EXP 	trial3Num: autoDraw = True
58.3895 	DATA 	Keypress: space
58.4099 	EXP 	New trial (rep=2, index=0): None
58.4224 	EXP 	trial3Target: autoDraw = False
58.4224 	EXP 	trial3Home: autoDraw = False
58.4224 	EXP 	trial3Cursor: autoDraw = False
58.4224 	EXP 	trial3Num: autoDraw = False
58.4224 	EXP 	trial3Num: text = '3'
58.4224 	EXP 	trial3Cursor: pos = (1.5, 1.5)
58.4224 	EXP 	trial3Target: autoDraw = True
58.4224 	EXP 	trial3Home: autoDraw = True
58.4224 	EXP 	trial3Cursor: autoDraw = True
58.4224 	EXP 	trial3Num: autoDraw = True
58.6230 	DATA 	Keypress: space
58.6426 	EXP 	New trial (rep=3, index=0): None
58.6551 	EXP 	trial3Target: autoDraw = False
58.6551 	EXP 	trial3Home: autoDraw = False
58.6551 	EXP 	trial3Cursor: autoDraw = False
58.6551 	EXP 	trial3Num: autoDraw = False
58.6551 	EXP 	trial3Num: text = '4'
58.6551 	EXP 	trial3Cursor: pos = (1.5, 1.5)
58.6551 	EXP 	trial3Target: autoDraw = True
58.6551 	EXP 	trial3Home: autoDraw = True
58.6551 	EXP 	trial3Cursor: autoDraw = True
58.6551 	EXP 	trial3Num: autoDraw = True
58.9009 	DATA 	Keypress: space
58.9105 	EXP 	New trial (rep=4, index=0): None
58.9225 	EXP 	trial3Target: autoDraw = False
58.9225 	EXP 	trial3Home: autoDraw = False
58.9225 	EXP 	trial3Cursor: autoDraw = False
58.9225 	EXP 	trial3Num: autoDraw = False
58.9225 	EXP 	trial3Num: text = '5'
58.9225 	EXP 	trial3Cursor: pos = (1.5, 1.5)
58.9225 	EXP 	trial3Target: autoDraw = True
58.9225 	EXP 	trial3Home: autoDraw = True
58.9225 	EXP 	trial3Cursor: autoDraw = True
58.9225 	EXP 	trial3Num: autoDraw = True
59.1892 	DATA 	Keypress: space
59.2104 	EXP 	New trial (rep=5, index=0): None
59.2226 	EXP 	trial3Target: autoDraw = False
59.2226 	EXP 	trial3Home: autoDraw = False
59.2226 	EXP 	trial3Cursor: autoDraw = False
59.2226 	EXP 	trial3Num: autoDraw = False
59.2226 	EXP 	trial3Num: text = '6'
59.2226 	EXP 	trial3Cursor: pos = (1.5, 1.5)
59.2226 	EXP 	trial3Target: autoDraw = True
59.2226 	EXP 	trial3Home: autoDraw = True
59.2226 	EXP 	trial3Cursor: autoDraw = True
59.2226 	EXP 	trial3Num: autoDraw = True
59.4173 	DATA 	Keypress: space
59.4267 	EXP 	New trial (rep=6, index=0): None
59.4382 	EXP 	trial3Target: autoDraw = False
59.4382 	EXP 	trial3Home: autoDraw = False
59.4382 	EXP 	trial3Cursor: autoDraw = False
59.4382 	EXP 	trial3Num: autoDraw = False
59.4382 	EXP 	trial3Num: text = '7'
59.4382 	EXP 	trial3Cursor: pos = (1.5, 1.5)
59.4382 	EXP 	trial3Target: autoDraw = True
59.4382 	EXP 	trial3Home: autoDraw = True
59.4382 	EXP 	trial3Cursor: autoDraw = True
59.4382 	EXP 	trial3Num: autoDraw = True
59.6762 	EXP 	New trial (rep=7, index=0): None
59.6797 	DATA 	Keypress: space
59.6886 	EXP 	trial3Target: autoDraw = False
59.6886 	EXP 	trial3Home: autoDraw = False
59.6886 	EXP 	trial3Cursor: autoDraw = False
59.6886 	EXP 	trial3Num: autoDraw = False
59.6886 	EXP 	trial3Num: text = '8'
59.6886 	EXP 	trial3Cursor: pos = (1.5, 1.5)
59.6886 	EXP 	trial3Target: autoDraw = True
59.6886 	EXP 	trial3Home: autoDraw = True
59.6886 	EXP 	trial3Cursor: autoDraw = True
59.6886 	EXP 	trial3Num: autoDraw = True
59.9505 	DATA 	Keypress: space
59.9605 	EXP 	New trial (rep=8, index=0): None
59.9726 	EXP 	trial3Target: autoDraw = False
59.9726 	EXP 	trial3Home: autoDraw = False
59.9726 	EXP 	trial3Cursor: autoDraw = False
59.9726 	EXP 	trial3Num: autoDraw = False
59.9726 	EXP 	trial3Num: text = '9'
59.9726 	EXP 	trial3Cursor: pos = (1.5, 1.5)
59.9726 	EXP 	trial3Target: autoDraw = True
59.9726 	EXP 	trial3Home: autoDraw = True
59.9726 	EXP 	trial3Cursor: autoDraw = True
59.9726 	EXP 	trial3Num: autoDraw = True
60.2006 	DATA 	Keypress: space
60.2100 	EXP 	New trial (rep=9, index=0): None
60.2226 	EXP 	trial3Target: autoDraw = False
60.2226 	EXP 	trial3Home: autoDraw = False
60.2226 	EXP 	trial3Cursor: autoDraw = False
60.2226 	EXP 	trial3Num: autoDraw = False
60.2226 	EXP 	trial3Num: text = '10'
60.2226 	EXP 	trial3Cursor: pos = (1.5, 1.5)
60.2226 	EXP 	trial3Target: autoDraw = True
60.2226 	EXP 	trial3Home: autoDraw = True
60.2226 	EXP 	trial3Cursor: autoDraw = True
60.2226 	EXP 	trial3Num: autoDraw = True
60.4557 	DATA 	Keypress: space
60.4754 	EXP 	New trial (rep=10, index=0): None
60.4868 	EXP 	trial3Target: autoDraw = False
60.4868 	EXP 	trial3Home: autoDraw = False
60.4868 	EXP 	trial3Cursor: autoDraw = False
60.4868 	EXP 	trial3Num: autoDraw = False
60.4868 	EXP 	trial3Num: text = '11'
60.4868 	EXP 	trial3Cursor: pos = (1.5, 1.5)
60.4868 	EXP 	trial3Target: autoDraw = True
60.4868 	EXP 	trial3Home: autoDraw = True
60.4868 	EXP 	trial3Cursor: autoDraw = True
60.4868 	EXP 	trial3Num: autoDraw = True
60.7336 	DATA 	Keypress: space
60.7431 	EXP 	New trial (rep=11, index=0): None
60.7557 	EXP 	trial3Target: autoDraw = False
60.7557 	EXP 	trial3Home: autoDraw = False
60.7557 	EXP 	trial3Cursor: autoDraw = False
60.7557 	EXP 	trial3Num: autoDraw = False
60.7557 	EXP 	trial3Num: text = '12'
60.7557 	EXP 	trial3Cursor: pos = (1.5, 1.5)
60.7557 	EXP 	trial3Target: autoDraw = True
60.7557 	EXP 	trial3Home: autoDraw = True
60.7557 	EXP 	trial3Cursor: autoDraw = True
60.7557 	EXP 	trial3Num: autoDraw = True
60.9729 	DATA 	Keypress: space
60.9924 	EXP 	New trial (rep=12, index=0): None
61.0047 	EXP 	trial3Target: autoDraw = False
61.0047 	EXP 	trial3Home: autoDraw = False
61.0047 	EXP 	trial3Cursor: autoDraw = False
61.0047 	EXP 	trial3Num: autoDraw = False
61.0047 	EXP 	trial3Num: text = '13'
61.0047 	EXP 	trial3Cursor: pos = (1.5, 1.5)
61.0047 	EXP 	trial3Target: autoDraw = True
61.0047 	EXP 	trial3Home: autoDraw = True
61.0047 	EXP 	trial3Cursor: autoDraw = True
61.0047 	EXP 	trial3Num: autoDraw = True
61.2339 	DATA 	Keypress: space
61.2430 	EXP 	New trial (rep=13, index=0): None
61.2555 	EXP 	trial3Target: autoDraw = False
61.2555 	EXP 	trial3Home: autoDraw = False
61.2555 	EXP 	trial3Cursor: autoDraw = False
61.2555 	EXP 	trial3Num: autoDraw = False
61.2555 	EXP 	trial3Num: text = '14'
61.2555 	EXP 	trial3Cursor: pos = (1.5, 1.5)
61.2555 	EXP 	trial3Target: autoDraw = True
61.2555 	EXP 	trial3Home: autoDraw = True
61.2555 	EXP 	trial3Cursor: autoDraw = True
61.2555 	EXP 	trial3Num: autoDraw = True
61.5168 	DATA 	Keypress: space
61.5261 	EXP 	New trial (rep=14, index=0): None
61.5387 	EXP 	trial3Target: autoDraw = False
61.5387 	EXP 	trial3Home: autoDraw = False
61.5387 	EXP 	trial3Cursor: autoDraw = False
61.5387 	EXP 	trial3Num: autoDraw = False
61.5387 	EXP 	trial3Num: text = '15'
61.5387 	EXP 	trial3Cursor: pos = (1.5, 1.5)
61.5387 	EXP 	trial3Target: autoDraw = True
61.5387 	EXP 	trial3Home: autoDraw = True
61.5387 	EXP 	trial3Cursor: autoDraw = True
61.5387 	EXP 	trial3Num: autoDraw = True
61.9334 	DATA 	Keypress: space
61.9502 	EXP 	trial3Target: autoDraw = False
61.9502 	EXP 	trial3Home: autoDraw = False
61.9502 	EXP 	trial3Cursor: autoDraw = False
61.9502 	EXP 	trial3Num: autoDraw = False
61.9502 	EXP 	thanks: autoDraw = True
62.7856 	DATA 	Keypress: space
64.9492 	EXP 	window1: mouseVisible = True
64.9493 	EXP 	window1: mouseVisible = True
64.9653 	EXP 	thanks: autoDraw = False
65.3992 	EXP 	window1: mouseVisible = True
